{"message":"Treatment time : 32","level":"info"}
{"message":"Treatment time : 34","level":"info"}
{"message":"Using HTTP","level":"info"}
{"message":"Database connected","level":"info"}
{"message":"Using HTTP","level":"info"}
{"message":"Database connected","level":"info"}
{"message":"Using HTTP","level":"info"}
{"message":"Database connected","level":"info"}
{"message":"Using HTTP","level":"info"}
{"message":"Database connected","level":"info"}
{"message":"Treatment time : 1079","level":"info"}
{"message":"Treatment time : 2291","level":"info"}
{"message":"\u001b[33mAlready reading a text\u001b[39m","level":"warn"}
{"message":"Treatment time : 2321","level":"info"}
{"message":"\u001b[33mAlready reading a text\u001b[39m","level":"warn"}
{"message":"Treatment time : 2370","level":"info"}
{"message":"\u001b[33mAlready reading a text\u001b[39m","level":"warn"}
{"message":"Treatment time : 2446","level":"info"}
{"message":"\u001b[33mAlready reading a text\u001b[39m","level":"warn"}
{"message":"Treatment time : 2534","level":"info"}
{"message":"Treatment time : 2667","level":"info"}
{"message":"\u001b[33mAlready reading a text\u001b[39m","level":"warn"}
{"message":"Treatment time : 2678","level":"info"}
{"message":"\u001b[33mAlready reading a text\u001b[39m","level":"warn"}
{"message":"Treatment time : 2692","level":"info"}
{"message":"\u001b[33mAlready reading a text\u001b[39m","level":"warn"}
{"message":"Treatment time : 2885","level":"info"}
{"message":"\u001b[33mAlready reading a text\u001b[39m","level":"warn"}
{"message":"Treatment time : 2938","level":"info"}
{"message":"\u001b[33mAlready reading a text\u001b[39m","level":"warn"}
{"message":"Treatment time : 3008","level":"info"}
{"message":"\u001b[33mAlready reading a text\u001b[39m","level":"warn"}
{"message":"Treatment time : 3067","level":"info"}
{"message":"\u001b[33mAlready reading a text\u001b[39m","level":"warn"}
{"message":"Treatment time : 3075","level":"info"}
{"message":"\u001b[33mAlready reading a text\u001b[39m","level":"warn"}
{"message":"Treatment time : 3178","level":"info"}
{"message":"\u001b[33mAlready reading a text\u001b[39m","level":"warn"}
{"message":"Treatment time : 3206","level":"info"}
{"message":"\u001b[33mAlready reading a text\u001b[39m","level":"warn"}
{"message":"Treatment time : 3291","level":"info"}
{"message":"\u001b[33mAlready reading a text\u001b[39m","level":"warn"}
{"message":"Treatment time : 3322","level":"info"}
{"message":"\u001b[33mAlready reading a text\u001b[39m","level":"warn"}
{"message":"Treatment time : 3325","level":"info"}
{"message":"\u001b[33mAlready reading a text\u001b[39m","level":"warn"}
{"message":"Treatment time : 3427","level":"info"}
{"message":"\u001b[33mAlready reading a text\u001b[39m","level":"warn"}
{"message":"Treatment time : 3488","level":"info"}
{"message":"\u001b[33mAlready reading a text\u001b[39m","level":"warn"}
{"message":"Treatment time : 3589","level":"info"}
{"message":"\u001b[33mAlready reading a text\u001b[39m","level":"warn"}
{"message":"Treatment time : 3664","level":"info"}
{"message":"\u001b[33mAlready reading a text\u001b[39m","level":"warn"}
{"message":"Treatment time : 3684","level":"info"}
{"message":"\u001b[33mAlready reading a text\u001b[39m","level":"warn"}
{"message":"Treatment time : 3783","level":"info"}
{"message":"\u001b[33mAlready reading a text\u001b[39m","level":"warn"}
{"message":"Treatment time : 3808","level":"info"}
{"message":"\u001b[33mAlready reading a text\u001b[39m","level":"warn"}
{"message":"Treatment time : 3915","level":"info"}
{"message":"\u001b[33mAlready reading a text\u001b[39m","level":"warn"}
{"message":"Treatment time : 3913","level":"info"}
{"message":"\u001b[33mAlready reading a text\u001b[39m","level":"warn"}
{"message":"Treatment time : 4012","level":"info"}
{"message":"\u001b[33mAlready reading a text\u001b[39m","level":"warn"}
{"message":"Treatment time : 4038","level":"info"}
{"message":"\u001b[33mAlready reading a text\u001b[39m","level":"warn"}
{"message":"Treatment time : 4025","level":"info"}
{"message":"\u001b[33mAlready reading a text\u001b[39m","level":"warn"}
{"message":"Treatment time : 4216","level":"info"}
{"message":"\u001b[33mAlready reading a text\u001b[39m","level":"warn"}
{"message":"Treatment time : 4216","level":"info"}
{"message":"\u001b[33mAlready reading a text\u001b[39m","level":"warn"}
{"message":"Treatment time : 4288","level":"info"}
{"message":"\u001b[33mAlready reading a text\u001b[39m","level":"warn"}
{"message":"Treatment time : 4334","level":"info"}
{"message":"\u001b[33mAlready reading a text\u001b[39m","level":"warn"}
{"message":"Treatment time : 4284","level":"info"}
{"message":"\u001b[33mAlready reading a text\u001b[39m","level":"warn"}
{"message":"Treatment time : 4537","level":"info"}
{"message":"\u001b[33mAlready reading a text\u001b[39m","level":"warn"}
{"message":"Treatment time : 4560","level":"info"}
{"message":"\u001b[33mAlready reading a text\u001b[39m","level":"warn"}
{"message":"Treatment time : 4633","level":"info"}
{"message":"\u001b[33mAlready reading a text\u001b[39m","level":"warn"}
{"message":"Treatment time : 4637","level":"info"}
{"message":"\u001b[33mAlready reading a text\u001b[39m","level":"warn"}
{"message":"Treatment time : 4680","level":"info"}
{"message":"\u001b[33mAlready reading a text\u001b[39m","level":"warn"}
{"message":"Treatment time : 4777","level":"info"}
{"message":"Treatment time : 4802","level":"info"}
{"message":"\u001b[33mAlready reading a text\u001b[39m","level":"warn"}
{"message":"Treatment time : 4841","level":"info"}
{"message":"\u001b[33mAlready reading a text\u001b[39m","level":"warn"}
{"message":"Treatment time : 4902","level":"info"}
{"message":"\u001b[33mAlready reading a text\u001b[39m","level":"warn"}
{"message":"Treatment time : 5122","level":"info"}
{"message":"\u001b[33mAlready reading a text\u001b[39m","level":"warn"}
{"message":"Treatment time : 2316","level":"info"}
{"message":"\u001b[33mAlready reading a text\u001b[39m","level":"warn"}
{"message":"Treatment time : 2578","level":"info"}
{"message":"\u001b[33mAlready reading a text\u001b[39m","level":"warn"}
{"message":"Treatment time : 5214","level":"info"}
{"message":"\u001b[33mAlready reading a text\u001b[39m","level":"warn"}
{"message":"Treatment time : 5220","level":"info"}
{"message":"\u001b[33mAlready reading a text\u001b[39m","level":"warn"}
{"message":"Treatment time : 5395","level":"info"}
{"message":"\u001b[33mAlready reading a text\u001b[39m","level":"warn"}
{"message":"Treatment time : 1886","level":"info"}
{"message":"\u001b[33mAlready reading a text\u001b[39m","level":"warn"}
{"message":"Treatment time : 2236","level":"info"}
{"message":"\u001b[33mAlready reading a text\u001b[39m","level":"warn"}
{"message":"Treatment time : 5527","level":"info"}
{"message":"\u001b[33mAlready reading a text\u001b[39m","level":"warn"}
{"message":"Treatment time : 1689","level":"info"}
{"message":"\u001b[33mAlready reading a text\u001b[39m","level":"warn"}
{"message":"Treatment time : 5680","level":"info"}
{"message":"\u001b[33mAlready reading a text\u001b[39m","level":"warn"}
{"message":"Treatment time : 2793","level":"info"}
{"message":"\u001b[33mAlready reading a text\u001b[39m","level":"warn"}
{"message":"Treatment time : 1035","level":"info"}
{"message":"\u001b[33mAlready reading a text\u001b[39m","level":"warn"}
{"message":"Treatment time : 1784","level":"info"}
{"message":"\u001b[33mAlready reading a text\u001b[39m","level":"warn"}
{"message":"Treatment time : 2248","level":"info"}
{"message":"\u001b[33mAlready reading a text\u001b[39m","level":"warn"}
{"message":"Treatment time : 2780","level":"info"}
{"message":"\u001b[33mAlready reading a text\u001b[39m","level":"warn"}
{"message":"Treatment time : 2522","level":"info"}
{"message":"\u001b[33mAlready reading a text\u001b[39m","level":"warn"}
{"message":"Treatment time : 3080","level":"info"}
{"message":"\u001b[33mAlready reading a text\u001b[39m","level":"warn"}
{"message":"Treatment time : 3761","level":"info"}
{"message":"\u001b[33mAlready reading a text\u001b[39m","level":"warn"}
{"message":"Treatment time : 1910","level":"info"}
{"message":"\u001b[33mAlready reading a text\u001b[39m","level":"warn"}
{"message":"Treatment time : 2241","level":"info"}
{"message":"\u001b[33mAlready reading a text\u001b[39m","level":"warn"}
{"message":"Treatment time : 2487","level":"info"}
{"message":"\u001b[33mAlready reading a text\u001b[39m","level":"warn"}
{"message":"Treatment time : 1811","level":"info"}
{"message":"\u001b[33mAlready reading a text\u001b[39m","level":"warn"}
{"message":"Treatment time : 1888","level":"info"}
{"message":"\u001b[33mAlready reading a text\u001b[39m","level":"warn"}
{"message":"Treatment time : 3890","level":"info"}
{"message":"\u001b[33mAlready reading a text\u001b[39m","level":"warn"}
{"message":"Treatment time : 3697","level":"info"}
{"message":"\u001b[33mAlready reading a text\u001b[39m","level":"warn"}
{"message":"Treatment time : 1755","level":"info"}
{"message":"\u001b[33mAlready reading a text\u001b[39m","level":"warn"}
{"message":"Treatment time : 2754","level":"info"}
{"message":"\u001b[33mAlready reading a text\u001b[39m","level":"warn"}
{"message":"Treatment time : 3456","level":"info"}
{"message":"\u001b[33mAlready reading a text\u001b[39m","level":"warn"}
{"message":"Treatment time : 3519","level":"info"}
{"message":"\u001b[33mAlready reading a text\u001b[39m","level":"warn"}
{"message":"Treatment time : 2060","level":"info"}
{"message":"\u001b[33mAlready reading a text\u001b[39m","level":"warn"}
{"message":"Treatment time : 4112","level":"info"}
{"message":"\u001b[33mAlready reading a text\u001b[39m","level":"warn"}
{"message":"Treatment time : 2470","level":"info"}
{"message":"\u001b[33mAlready reading a text\u001b[39m","level":"warn"}
{"message":"Treatment time : 2681","level":"info"}
{"message":"\u001b[33mAlready reading a text\u001b[39m","level":"warn"}
{"message":"Treatment time : 2162","level":"info"}
{"message":"\u001b[33mAlready reading a text\u001b[39m","level":"warn"}
{"message":"Treatment time : 3507","level":"info"}
{"message":"\u001b[33mAlready reading a text\u001b[39m","level":"warn"}
{"message":"Treatment time : 3108","level":"info"}
{"message":"\u001b[33mAlready reading a text\u001b[39m","level":"warn"}
{"message":"Treatment time : 3778","level":"info"}
{"message":"Treatment time : 2999","level":"info"}
{"message":"\u001b[33mAlready reading a text\u001b[39m","level":"warn"}
{"message":"Treatment time : 1862","level":"info"}
{"message":"\u001b[33mAlready reading a text\u001b[39m","level":"warn"}
{"message":"Treatment time : 2193","level":"info"}
{"message":"\u001b[33mAlready reading a text\u001b[39m","level":"warn"}
{"message":"Treatment time : 3253","level":"info"}
{"message":"\u001b[33mAlready reading a text\u001b[39m","level":"warn"}
{"message":"Treatment time : 2821","level":"info"}
{"message":"\u001b[33mAlready reading a text\u001b[39m","level":"warn"}
{"message":"Treatment time : 4685","level":"info"}
{"message":"\u001b[33mAlready reading a text\u001b[39m","level":"warn"}
{"message":"Treatment time : 2276","level":"info"}
{"message":"\u001b[33mAlready reading a text\u001b[39m","level":"warn"}
{"message":"Treatment time : 5144","level":"info"}
{"message":"\u001b[33mAlready reading a text\u001b[39m","level":"warn"}
{"message":"Treatment time : 3198","level":"info"}
{"message":"\u001b[33mAlready reading a text\u001b[39m","level":"warn"}
{"message":"Treatment time : 4339","level":"info"}
{"message":"\u001b[33mAlready reading a text\u001b[39m","level":"warn"}
{"message":"Treatment time : 2576","level":"info"}
{"message":"\u001b[33mAlready reading a text\u001b[39m","level":"warn"}
{"message":"Treatment time : 2446","level":"info"}
{"message":"\u001b[33mAlready reading a text\u001b[39m","level":"warn"}
{"message":"Treatment time : 2484","level":"info"}
{"message":"\u001b[33mAlready reading a text\u001b[39m","level":"warn"}
{"message":"Treatment time : 4286","level":"info"}
{"message":"\u001b[33mAlready reading a text\u001b[39m","level":"warn"}
{"message":"Treatment time : 2873","level":"info"}
{"message":"\u001b[33mAlready reading a text\u001b[39m","level":"warn"}
{"message":"Treatment time : 2966","level":"info"}
{"message":"\u001b[33mAlready reading a text\u001b[39m","level":"warn"}
{"message":"Treatment time : 3010","level":"info"}
{"message":"\u001b[33mAlready reading a text\u001b[39m","level":"warn"}
{"message":"Using HTTP","level":"info"}
{"message":"Database connected","level":"info"}
{"message":"Treatment time : 1077","level":"info"}
{"message":"Treatment time : 2289","level":"info"}
{"message":"\u001b[33mAlready reading a text\u001b[39m","level":"warn"}
{"message":"Treatment time : 2322","level":"info"}
{"message":"\u001b[33mAlready reading a text\u001b[39m","level":"warn"}
{"message":"Treatment time : 2319","level":"info"}
{"message":"\u001b[33mAlready reading a text\u001b[39m","level":"warn"}
{"message":"Treatment time : 2352","level":"info"}
{"message":"Treatment time : 2407","level":"info"}
{"message":"\u001b[33mAlready reading a text\u001b[39m","level":"warn"}
{"message":"Treatment time : 2870","level":"info"}
{"message":"\u001b[33mAlready reading a text\u001b[39m","level":"warn"}
{"message":"Treatment time : 2882","level":"info"}
{"message":"\u001b[33mAlready reading a text\u001b[39m","level":"warn"}
{"message":"Treatment time : 2874","level":"info"}
{"message":"\u001b[33mAlready reading a text\u001b[39m","level":"warn"}
{"message":"Treatment time : 2908","level":"info"}
{"message":"\u001b[33mAlready reading a text\u001b[39m","level":"warn"}
{"message":"Treatment time : 2947","level":"info"}
{"message":"\u001b[33mAlready reading a text\u001b[39m","level":"warn"}
{"message":"Treatment time : 3210","level":"info"}
{"message":"\u001b[33mAlready reading a text\u001b[39m","level":"warn"}
{"message":"Treatment time : 3212","level":"info"}
{"message":"\u001b[33mAlready reading a text\u001b[39m","level":"warn"}
{"message":"Treatment time : 3239","level":"info"}
{"message":"\u001b[33mAlready reading a text\u001b[39m","level":"warn"}
{"message":"Treatment time : 3244","level":"info"}
{"message":"\u001b[33mAlready reading a text\u001b[39m","level":"warn"}
{"message":"Treatment time : 3388","level":"info"}
{"message":"\u001b[33mAlready reading a text\u001b[39m","level":"warn"}
{"message":"Treatment time : 3624","level":"info"}
{"message":"\u001b[33mAlready reading a text\u001b[39m","level":"warn"}
{"message":"Treatment time : 3680","level":"info"}
{"message":"\u001b[33mAlready reading a text\u001b[39m","level":"warn"}
{"message":"Treatment time : 3694","level":"info"}
{"message":"\u001b[33mAlready reading a text\u001b[39m","level":"warn"}
{"message":"Treatment time : 3708","level":"info"}
{"message":"\u001b[33mAlready reading a text\u001b[39m","level":"warn"}
{"message":"Treatment time : 3764","level":"info"}
{"message":"\u001b[33mAlready reading a text\u001b[39m","level":"warn"}
{"message":"Treatment time : 3961","level":"info"}
{"message":"\u001b[33mAlready reading a text\u001b[39m","level":"warn"}
{"message":"Treatment time : 3990","level":"info"}
{"message":"\u001b[33mAlready reading a text\u001b[39m","level":"warn"}
{"message":"Treatment time : 4033","level":"info"}
{"message":"\u001b[33mAlready reading a text\u001b[39m","level":"warn"}
{"message":"Treatment time : 4139","level":"info"}
{"message":"\u001b[33mAlready reading a text\u001b[39m","level":"warn"}
{"message":"Treatment time : 4144","level":"info"}
{"message":"\u001b[33mAlready reading a text\u001b[39m","level":"warn"}
{"message":"Treatment time : 4253","level":"info"}
{"message":"\u001b[33mAlready reading a text\u001b[39m","level":"warn"}
{"message":"Treatment time : 4349","level":"info"}
{"message":"\u001b[33mAlready reading a text\u001b[39m","level":"warn"}
{"message":"Treatment time : 4328","level":"info"}
{"message":"\u001b[33mAlready reading a text\u001b[39m","level":"warn"}
{"message":"Treatment time : 4390","level":"info"}
{"message":"\u001b[33mAlready reading a text\u001b[39m","level":"warn"}
{"message":"Treatment time : 4410","level":"info"}
{"message":"\u001b[33mAlready reading a text\u001b[39m","level":"warn"}
{"message":"Treatment time : 4667","level":"info"}
{"message":"Treatment time : 4760","level":"info"}
{"message":"\u001b[33mAlready reading a text\u001b[39m","level":"warn"}
{"message":"Treatment time : 4751","level":"info"}
{"message":"\u001b[33mAlready reading a text\u001b[39m","level":"warn"}
{"message":"Treatment time : 4762","level":"info"}
{"message":"\u001b[33mAlready reading a text\u001b[39m","level":"warn"}
{"message":"Treatment time : 4955","level":"info"}
{"message":"\u001b[33mAlready reading a text\u001b[39m","level":"warn"}
{"message":"Treatment time : 5010","level":"info"}
{"message":"\u001b[33mAlready reading a text\u001b[39m","level":"warn"}
{"message":"Treatment time : 5117","level":"info"}
{"message":"\u001b[33mAlready reading a text\u001b[39m","level":"warn"}
{"message":"Treatment time : 5262","level":"info"}
{"message":"\u001b[33mAlready reading a text\u001b[39m","level":"warn"}
{"message":"Treatment time : 5245","level":"info"}
{"message":"\u001b[33mAlready reading a text\u001b[39m","level":"warn"}
{"message":"Treatment time : 5378","level":"info"}
{"message":"\u001b[33mAlready reading a text\u001b[39m","level":"warn"}
{"message":"Treatment time : 5437","level":"info"}
{"message":"\u001b[33mAlready reading a text\u001b[39m","level":"warn"}
{"message":"Treatment time : 5403","level":"info"}
{"message":"\u001b[33mAlready reading a text\u001b[39m","level":"warn"}
{"message":"Treatment time : 5587","level":"info"}
{"message":"\u001b[33mAlready reading a text\u001b[39m","level":"warn"}
{"message":"Treatment time : 2061","level":"info"}
{"message":"\u001b[33mAlready reading a text\u001b[39m","level":"warn"}
{"message":"Treatment time : 5724","level":"info"}
{"message":"\u001b[33mAlready reading a text\u001b[39m","level":"warn"}
{"message":"Treatment time : 5742","level":"info"}
{"message":"\u001b[33mAlready reading a text\u001b[39m","level":"warn"}
{"message":"Treatment time : 5798","level":"info"}
{"message":"\u001b[33mAlready reading a text\u001b[39m","level":"warn"}
{"message":"Treatment time : 1078","level":"info"}
{"message":"\u001b[33mAlready reading a text\u001b[39m","level":"warn"}
{"message":"Treatment time : 5988","level":"info"}
{"message":"\u001b[33mAlready reading a text\u001b[39m","level":"warn"}
{"message":"Treatment time : 6102","level":"info"}
{"message":"\u001b[33mAlready reading a text\u001b[39m","level":"warn"}
{"message":"Treatment time : 6133","level":"info"}
{"message":"\u001b[33mAlready reading a text\u001b[39m","level":"warn"}
{"message":"Treatment time : 2311","level":"info"}
{"message":"\u001b[33mAlready reading a text\u001b[39m","level":"warn"}
{"message":"Treatment time : 3437","level":"info"}
{"message":"\u001b[33mAlready reading a text\u001b[39m","level":"warn"}
{"message":"Treatment time : 6442","level":"info"}
{"message":"\u001b[33mAlready reading a text\u001b[39m","level":"warn"}
{"message":"Treatment time : 3467","level":"info"}
{"message":"\u001b[33mAlready reading a text\u001b[39m","level":"warn"}
{"message":"Treatment time : 2524","level":"info"}
{"message":"\u001b[33mAlready reading a text\u001b[39m","level":"warn"}
{"message":"Treatment time : 1542","level":"info"}
{"message":"\u001b[33mAlready reading a text\u001b[39m","level":"warn"}
{"message":"Treatment time : 3547","level":"info"}
{"message":"Treatment time : 1560","level":"info"}
{"message":"\u001b[33mAlready reading a text\u001b[39m","level":"warn"}
{"message":"Treatment time : 4244","level":"info"}
{"message":"\u001b[33mAlready reading a text\u001b[39m","level":"warn"}
{"message":"Treatment time : 2501","level":"info"}
{"message":"\u001b[33mAlready reading a text\u001b[39m","level":"warn"}
{"message":"Treatment time : 2266","level":"info"}
{"message":"\u001b[33mAlready reading a text\u001b[39m","level":"warn"}
{"message":"Treatment time : 2984","level":"info"}
{"message":"\u001b[33mAlready reading a text\u001b[39m","level":"warn"}
{"message":"Treatment time : 3266","level":"info"}
{"message":"\u001b[33mAlready reading a text\u001b[39m","level":"warn"}
{"message":"Treatment time : 4870","level":"info"}
{"message":"\u001b[33mAlready reading a text\u001b[39m","level":"warn"}
{"message":"Treatment time : 2482","level":"info"}
{"message":"\u001b[33mAlready reading a text\u001b[39m","level":"warn"}
{"message":"Treatment time : 3292","level":"info"}
{"message":"\u001b[33mAlready reading a text\u001b[39m","level":"warn"}
{"message":"Treatment time : 2064","level":"info"}
{"message":"\u001b[33mAlready reading a text\u001b[39m","level":"warn"}
{"message":"Treatment time : 4675","level":"info"}
{"message":"\u001b[33mAlready reading a text\u001b[39m","level":"warn"}
{"message":"Treatment time : 4323","level":"info"}
{"message":"\u001b[33mAlready reading a text\u001b[39m","level":"warn"}
{"message":"Treatment time : 4529","level":"info"}
{"message":"\u001b[33mAlready reading a text\u001b[39m","level":"warn"}
{"message":"Treatment time : 2144","level":"info"}
{"message":"\u001b[33mAlready reading a text\u001b[39m","level":"warn"}
{"message":"Treatment time : 4202","level":"info"}
{"message":"\u001b[33mAlready reading a text\u001b[39m","level":"warn"}
{"message":"Treatment time : 3710","level":"info"}
{"message":"\u001b[33mAlready reading a text\u001b[39m","level":"warn"}
{"message":"Treatment time : 5455","level":"info"}
{"message":"\u001b[33mAlready reading a text\u001b[39m","level":"warn"}
{"message":"Treatment time : 3429","level":"info"}
{"message":"\u001b[33mAlready reading a text\u001b[39m","level":"warn"}
{"message":"Treatment time : 3894","level":"info"}
{"message":"\u001b[33mAlready reading a text\u001b[39m","level":"warn"}
{"message":"Treatment time : 436","level":"info"}
{"message":"\u001b[33mAlready reading a text\u001b[39m","level":"warn"}
{"message":"Treatment time : 5133","level":"info"}
{"message":"\u001b[33mAlready reading a text\u001b[39m","level":"warn"}
{"message":"Treatment time : 5064","level":"info"}
{"message":"\u001b[33mAlready reading a text\u001b[39m","level":"warn"}
{"message":"Treatment time : 5641","level":"info"}
{"message":"\u001b[33mAlready reading a text\u001b[39m","level":"warn"}
{"message":"Treatment time : 3254","level":"info"}
{"message":"\u001b[33mAlready reading a text\u001b[39m","level":"warn"}
{"message":"Treatment time : 326","level":"info"}
{"message":"\u001b[33mAlready reading a text\u001b[39m","level":"warn"}
{"message":"Treatment time : 4788","level":"info"}
{"message":"\u001b[33mAlready reading a text\u001b[39m","level":"warn"}
{"message":"Treatment time : 4333","level":"info"}
{"message":"\u001b[33mAlready reading a text\u001b[39m","level":"warn"}
{"message":"Treatment time : 5095","level":"info"}
{"message":"\u001b[33mAlready reading a text\u001b[39m","level":"warn"}
{"message":"Treatment time : 3269","level":"info"}
{"message":"\u001b[33mAlready reading a text\u001b[39m","level":"warn"}
{"message":"Treatment time : 2357","level":"info"}
{"message":"Treatment time : 4008","level":"info"}
{"message":"\u001b[33mAlready reading a text\u001b[39m","level":"warn"}
{"message":"Treatment time : 6594","level":"info"}
{"message":"\u001b[33mAlready reading a text\u001b[39m","level":"warn"}
{"message":"Treatment time : 3599","level":"info"}
{"message":"\u001b[33mAlready reading a text\u001b[39m","level":"warn"}
{"message":"Treatment time : 849","level":"info"}
{"message":"\u001b[33mAlready reading a text\u001b[39m","level":"warn"}
{"message":"Treatment time : 3837","level":"info"}
{"message":"\u001b[33mAlready reading a text\u001b[39m","level":"warn"}
{"message":"Treatment time : 5794","level":"info"}
{"message":"\u001b[33mAlready reading a text\u001b[39m","level":"warn"}
{"message":"Treatment time : 5131","level":"info"}
{"message":"\u001b[33mAlready reading a text\u001b[39m","level":"warn"}
{"message":"Treatment time : 7149","level":"info"}
{"message":"\u001b[33mAlready reading a text\u001b[39m","level":"warn"}
{"message":"Treatment time : 2620","level":"info"}
{"message":"\u001b[33mAlready reading a text\u001b[39m","level":"warn"}
{"message":"Treatment time : 3872","level":"info"}
{"message":"\u001b[33mAlready reading a text\u001b[39m","level":"warn"}
{"message":"Treatment time : 559","level":"info"}
{"message":"\u001b[33mAlready reading a text\u001b[39m","level":"warn"}
{"message":"Treatment time : 7029","level":"info"}
{"message":"\u001b[33mAlready reading a text\u001b[39m","level":"warn"}
{"message":"Treatment time : 4885","level":"info"}
{"message":"\u001b[33mAlready reading a text\u001b[39m","level":"warn"}
{"message":"Treatment time : 4744","level":"info"}
{"message":"\u001b[33mAlready reading a text\u001b[39m","level":"warn"}
{"message":"Treatment time : 2687","level":"info"}
{"message":"\u001b[33mAlready reading a text\u001b[39m","level":"warn"}
{"message":"Treatment time : 293","level":"info"}
{"message":"\u001b[33mAlready reading a text\u001b[39m","level":"warn"}
{"message":"Treatment time : 6674","level":"info"}
{"message":"\u001b[33mAlready reading a text\u001b[39m","level":"warn"}
{"message":"Treatment time : 3497","level":"info"}
{"message":"\u001b[33mAlready reading a text\u001b[39m","level":"warn"}
{"message":"Treatment time : 2897","level":"info"}
{"message":"\u001b[33mAlready reading a text\u001b[39m","level":"warn"}
{"message":"Treatment time : 4338","level":"info"}
{"message":"\u001b[33mAlready reading a text\u001b[39m","level":"warn"}
{"message":"Treatment time : 5284","level":"info"}
{"message":"\u001b[33mAlready reading a text\u001b[39m","level":"warn"}
{"message":"Treatment time : 362","level":"info"}
{"message":"\u001b[33mAlready reading a text\u001b[39m","level":"warn"}
{"message":"Treatment time : 3462","level":"info"}
{"message":"\u001b[33mAlready reading a text\u001b[39m","level":"warn"}
{"message":"Treatment time : 4339","level":"info"}
{"message":"\u001b[33mAlready reading a text\u001b[39m","level":"warn"}
{"message":"Treatment time : 4735","level":"info"}
{"message":"\u001b[33mAlready reading a text\u001b[39m","level":"warn"}
{"message":"Treatment time : 3721","level":"info"}
{"message":"\u001b[33mAlready reading a text\u001b[39m","level":"warn"}
{"message":"Treatment time : 2973","level":"info"}
{"message":"\u001b[33mAlready reading a text\u001b[39m","level":"warn"}
{"message":"Treatment time : 3078","level":"info"}
{"message":"\u001b[33mAlready reading a text\u001b[39m","level":"warn"}
{"message":"Treatment time : 2264","level":"info"}
{"message":"\u001b[33mAlready reading a text\u001b[39m","level":"warn"}
{"message":"Treatment time : 3742","level":"info"}
{"message":"\u001b[33mAlready reading a text\u001b[39m","level":"warn"}
{"message":"Treatment time : 2970","level":"info"}
{"message":"Treatment time : 5463","level":"info"}
{"message":"\u001b[33mAlready reading a text\u001b[39m","level":"warn"}
{"message":"Treatment time : 3797","level":"info"}
{"message":"\u001b[33mAlready reading a text\u001b[39m","level":"warn"}
{"message":"Treatment time : 4915","level":"info"}
{"message":"\u001b[33mAlready reading a text\u001b[39m","level":"warn"}
{"message":"Treatment time : 3167","level":"info"}
{"message":"\u001b[33mAlready reading a text\u001b[39m","level":"warn"}
{"message":"Treatment time : 3660","level":"info"}
{"message":"\u001b[33mAlready reading a text\u001b[39m","level":"warn"}
{"message":"Treatment time : 995","level":"info"}
{"message":"\u001b[33mAlready reading a text\u001b[39m","level":"warn"}
{"message":"Treatment time : 4038","level":"info"}
{"message":"\u001b[33mAlready reading a text\u001b[39m","level":"warn"}
{"message":"Treatment time : 4903","level":"info"}
{"message":"\u001b[33mAlready reading a text\u001b[39m","level":"warn"}
{"message":"Treatment time : 5093","level":"info"}
{"message":"\u001b[33mAlready reading a text\u001b[39m","level":"warn"}
{"message":"Treatment time : 1937","level":"info"}
{"message":"\u001b[33mAlready reading a text\u001b[39m","level":"warn"}
{"message":"Treatment time : 2845","level":"info"}
{"message":"\u001b[33mAlready reading a text\u001b[39m","level":"warn"}
{"message":"Treatment time : 3243","level":"info"}
{"message":"\u001b[33mAlready reading a text\u001b[39m","level":"warn"}
{"message":"Treatment time : 6194","level":"info"}
{"message":"\u001b[33mAlready reading a text\u001b[39m","level":"warn"}
{"message":"Treatment time : 4549","level":"info"}
{"message":"\u001b[33mAlready reading a text\u001b[39m","level":"warn"}
{"message":"Treatment time : 2776","level":"info"}
{"message":"\u001b[33mAlready reading a text\u001b[39m","level":"warn"}
{"message":"Treatment time : 6136","level":"info"}
{"message":"\u001b[33mAlready reading a text\u001b[39m","level":"warn"}
{"message":"Treatment time : 3007","level":"info"}
{"message":"\u001b[33mAlready reading a text\u001b[39m","level":"warn"}
{"message":"Treatment time : 6359","level":"info"}
{"message":"\u001b[33mAlready reading a text\u001b[39m","level":"warn"}
{"message":"Treatment time : 3166","level":"info"}
{"message":"\u001b[33mAlready reading a text\u001b[39m","level":"warn"}
{"message":"Treatment time : 1732","level":"info"}
{"message":"\u001b[33mAlready reading a text\u001b[39m","level":"warn"}
{"message":"Treatment time : 4225","level":"info"}
{"message":"\u001b[33mAlready reading a text\u001b[39m","level":"warn"}
{"message":"Treatment time : 4870","level":"info"}
{"message":"\u001b[33mAlready reading a text\u001b[39m","level":"warn"}
{"message":"Treatment time : 4222","level":"info"}
{"message":"\u001b[33mAlready reading a text\u001b[39m","level":"warn"}
{"message":"Treatment time : 4477","level":"info"}
{"message":"\u001b[33mAlready reading a text\u001b[39m","level":"warn"}
{"message":"Treatment time : 2847","level":"info"}
{"message":"\u001b[33mAlready reading a text\u001b[39m","level":"warn"}
{"message":"Treatment time : 1947","level":"info"}
{"message":"\u001b[33mAlready reading a text\u001b[39m","level":"warn"}
{"message":"Treatment time : 1798","level":"info"}
{"message":"\u001b[33mAlready reading a text\u001b[39m","level":"warn"}
{"message":"Treatment time : 3435","level":"info"}
{"message":"\u001b[33mAlready reading a text\u001b[39m","level":"warn"}
{"message":"Treatment time : 2569","level":"info"}
{"message":"\u001b[33mAlready reading a text\u001b[39m","level":"warn"}
{"message":"Treatment time : 911","level":"info"}
{"message":"\u001b[33mAlready reading a text\u001b[39m","level":"warn"}
{"message":"Treatment time : 5404","level":"info"}
{"message":"\u001b[33mAlready reading a text\u001b[39m","level":"warn"}
{"message":"Treatment time : 3995","level":"info"}
{"message":"Treatment time : 2550","level":"info"}
{"message":"\u001b[33mAlready reading a text\u001b[39m","level":"warn"}
{"message":"Treatment time : 3524","level":"info"}
{"message":"\u001b[33mAlready reading a text\u001b[39m","level":"warn"}
{"message":"Treatment time : 3472","level":"info"}
{"message":"\u001b[33mAlready reading a text\u001b[39m","level":"warn"}
{"message":"Treatment time : 3827","level":"info"}
{"message":"\u001b[33mAlready reading a text\u001b[39m","level":"warn"}
{"message":"Treatment time : 4312","level":"info"}
{"message":"\u001b[33mAlready reading a text\u001b[39m","level":"warn"}
{"message":"Treatment time : 4478","level":"info"}
{"message":"\u001b[33mAlready reading a text\u001b[39m","level":"warn"}
{"message":"Treatment time : 3346","level":"info"}
{"message":"\u001b[33mAlready reading a text\u001b[39m","level":"warn"}
{"message":"Treatment time : 2493","level":"info"}
{"message":"\u001b[33mAlready reading a text\u001b[39m","level":"warn"}
{"message":"Treatment time : 4376","level":"info"}
{"message":"\u001b[33mAlready reading a text\u001b[39m","level":"warn"}
{"message":"Treatment time : 3203","level":"info"}
{"message":"\u001b[33mAlready reading a text\u001b[39m","level":"warn"}
{"message":"Treatment time : 5520","level":"info"}
{"message":"\u001b[33mAlready reading a text\u001b[39m","level":"warn"}
{"message":"Treatment time : 2687","level":"info"}
{"message":"\u001b[33mAlready reading a text\u001b[39m","level":"warn"}
{"message":"Treatment time : 6256","level":"info"}
{"message":"\u001b[33mAlready reading a text\u001b[39m","level":"warn"}
{"message":"Treatment time : 2022","level":"info"}
{"message":"\u001b[33mAlready reading a text\u001b[39m","level":"warn"}
{"message":"Treatment time : 4056","level":"info"}
{"message":"\u001b[33mAlready reading a text\u001b[39m","level":"warn"}
{"message":"Treatment time : 5472","level":"info"}
{"message":"\u001b[33mAlready reading a text\u001b[39m","level":"warn"}
{"message":"Treatment time : 4249","level":"info"}
{"message":"\u001b[33mAlready reading a text\u001b[39m","level":"warn"}
{"message":"Treatment time : 6070","level":"info"}
{"message":"\u001b[33mAlready reading a text\u001b[39m","level":"warn"}
{"message":"Treatment time : 2987","level":"info"}
{"message":"\u001b[33mAlready reading a text\u001b[39m","level":"warn"}
{"message":"Treatment time : 2667","level":"info"}
{"message":"\u001b[33mAlready reading a text\u001b[39m","level":"warn"}
{"message":"Treatment time : 2869","level":"info"}
{"message":"\u001b[33mAlready reading a text\u001b[39m","level":"warn"}
{"message":"Treatment time : 3429","level":"info"}
{"message":"\u001b[33mAlready reading a text\u001b[39m","level":"warn"}
{"message":"Treatment time : 5419","level":"info"}
{"message":"\u001b[33mAlready reading a text\u001b[39m","level":"warn"}
{"message":"Treatment time : 3126","level":"info"}
{"message":"\u001b[33mAlready reading a text\u001b[39m","level":"warn"}
{"message":"Treatment time : 5125","level":"info"}
{"message":"\u001b[33mAlready reading a text\u001b[39m","level":"warn"}
{"message":"Treatment time : 2036","level":"info"}
{"message":"\u001b[33mAlready reading a text\u001b[39m","level":"warn"}
{"message":"Treatment time : 4308","level":"info"}
{"message":"\u001b[33mAlready reading a text\u001b[39m","level":"warn"}
{"message":"Treatment time : 3247","level":"info"}
{"message":"\u001b[33mAlready reading a text\u001b[39m","level":"warn"}
{"message":"Treatment time : 2285","level":"info"}
{"message":"\u001b[33mAlready reading a text\u001b[39m","level":"warn"}
{"message":"Treatment time : 4941","level":"info"}
{"message":"\u001b[33mAlready reading a text\u001b[39m","level":"warn"}
{"message":"Treatment time : 2302","level":"info"}
{"message":"Treatment time : 4057","level":"info"}
{"message":"\u001b[33mAlready reading a text\u001b[39m","level":"warn"}
{"message":"Treatment time : 2896","level":"info"}
{"message":"\u001b[33mAlready reading a text\u001b[39m","level":"warn"}
{"message":"Treatment time : 3857","level":"info"}
{"message":"\u001b[33mAlready reading a text\u001b[39m","level":"warn"}
{"message":"Treatment time : 3928","level":"info"}
{"message":"\u001b[33mAlready reading a text\u001b[39m","level":"warn"}
{"message":"Treatment time : 3216","level":"info"}
{"message":"\u001b[33mAlready reading a text\u001b[39m","level":"warn"}
{"message":"Treatment time : 3645","level":"info"}
{"message":"\u001b[33mAlready reading a text\u001b[39m","level":"warn"}
{"message":"Treatment time : 3858","level":"info"}
{"message":"\u001b[33mAlready reading a text\u001b[39m","level":"warn"}
{"message":"Treatment time : 3248","level":"info"}
{"message":"\u001b[33mAlready reading a text\u001b[39m","level":"warn"}
{"message":"Treatment time : 5108","level":"info"}
{"message":"\u001b[33mAlready reading a text\u001b[39m","level":"warn"}
{"message":"Treatment time : 3361","level":"info"}
{"message":"\u001b[33mAlready reading a text\u001b[39m","level":"warn"}
{"message":"Treatment time : 3742","level":"info"}
{"message":"\u001b[33mAlready reading a text\u001b[39m","level":"warn"}
{"message":"Treatment time : 3811","level":"info"}
{"message":"\u001b[33mAlready reading a text\u001b[39m","level":"warn"}
{"message":"Treatment time : 3797","level":"info"}
{"message":"\u001b[33mAlready reading a text\u001b[39m","level":"warn"}
{"message":"Treatment time : 5086","level":"info"}
{"message":"\u001b[33mAlready reading a text\u001b[39m","level":"warn"}
{"message":"Treatment time : 5150","level":"info"}
{"message":"\u001b[33mAlready reading a text\u001b[39m","level":"warn"}
{"message":"Treatment time : 4169","level":"info"}
{"message":"\u001b[33mAlready reading a text\u001b[39m","level":"warn"}
{"message":"Treatment time : 3331","level":"info"}
{"message":"\u001b[33mAlready reading a text\u001b[39m","level":"warn"}
{"message":"Treatment time : 46","level":"info"}
{"message":"Treatment time : 70","level":"info"}
{"message":"\u001b[33mAlready reading a text\u001b[39m","level":"warn"}
{"message":"Treatment time : 214","level":"info"}
{"message":"\u001b[33mAlready reading a text\u001b[39m","level":"warn"}
{"message":"Treatment time : 239","level":"info"}
{"message":"\u001b[33mAlready reading a text\u001b[39m","level":"warn"}
{"message":"Treatment time : 253","level":"info"}
{"message":"\u001b[33mAlready reading a text\u001b[39m","level":"warn"}
{"message":"Treatment time : 459","level":"info"}
{"message":"\u001b[33mAlready reading a text\u001b[39m","level":"warn"}
{"message":"Treatment time : 538","level":"info"}
{"message":"\u001b[33mAlready reading a text\u001b[39m","level":"warn"}
{"message":"Treatment time : 631","level":"info"}
{"message":"\u001b[33mAlready reading a text\u001b[39m","level":"warn"}
{"message":"Treatment time : 642","level":"info"}
{"message":"\u001b[33mAlready reading a text\u001b[39m","level":"warn"}
{"message":"Treatment time : 687","level":"info"}
{"message":"\u001b[33mAlready reading a text\u001b[39m","level":"warn"}
{"message":"Using HTTP","level":"info"}
{"message":"Database connected","level":"info"}
{"message":"Treatment time : 1822","level":"info"}
{"message":"Treatment time : 20","level":"info"}
{"message":"Treatment time : 22","level":"info"}
{"error":{},"level":"error","message":"uncaughtException: app.set is not a function\nTypeError: app.set is not a function\n    at Object.<anonymous> (c:\\Users\\admin\\Workspaces\\pointage-absence\\bin\\www:16:5)\n    at Module._compile (module.js:640:14)\n    at Object.Module._extensions..js (module.js:654:10)\n    at Module.load (module.js:556:32)\n    at tryModuleLoad (module.js:499:12)\n    at Function.Module._load (module.js:491:3)\n    at Function.Module.runMain (module.js:684:10)\n    at startup (bootstrap_node.js:187:16)\n    at bootstrap_node.js:608:3","stack":"TypeError: app.set is not a function\n    at Object.<anonymous> (c:\\Users\\admin\\Workspaces\\pointage-absence\\bin\\www:16:5)\n    at Module._compile (module.js:640:14)\n    at Object.Module._extensions..js (module.js:654:10)\n    at Module.load (module.js:556:32)\n    at tryModuleLoad (module.js:499:12)\n    at Function.Module._load (module.js:491:3)\n    at Function.Module.runMain (module.js:684:10)\n    at startup (bootstrap_node.js:187:16)\n    at bootstrap_node.js:608:3","exception":true,"date":"Fri Sep 14 2018 20:53:42 GMT+0100 (Maroc (heure d’été))","process":{"pid":8728,"uid":null,"gid":null,"cwd":"c:\\Users\\admin\\Workspaces\\pointage-absence","execPath":"C:\\Program Files\\nodejs\\node.exe","version":"v8.9.4","argv":["C:\\Program Files\\nodejs\\node.exe","c:\\Users\\admin\\Workspaces\\pointage-absence\\bin\\www"],"memoryUsage":{"rss":75456512,"heapTotal":57516032,"heapUsed":22727288,"external":17858976}},"os":{"loadavg":[0,0,0],"uptime":900.8612448},"trace":[{"column":5,"file":"c:\\Users\\admin\\Workspaces\\pointage-absence\\bin\\www","function":null,"line":16,"method":null,"native":false},{"column":14,"file":"module.js","function":"Module._compile","line":640,"method":"_compile","native":false},{"column":10,"file":"module.js","function":"Module._extensions..js","line":654,"method":".js","native":false},{"column":32,"file":"module.js","function":"Module.load","line":556,"method":"load","native":false},{"column":12,"file":"module.js","function":"tryModuleLoad","line":499,"method":null,"native":false},{"column":3,"file":"module.js","function":"Module._load","line":491,"method":"_load","native":false},{"column":10,"file":"module.js","function":"Module.runMain","line":684,"method":"runMain","native":false},{"column":16,"file":"bootstrap_node.js","function":"startup","line":187,"method":null,"native":false},{"column":3,"file":"bootstrap_node.js","function":null,"line":608,"method":null,"native":false}]}
{"message":"Database connected","level":"info"}
{"message":"Using HTTP","level":"info"}
{"message":"Database connected","level":"info"}
{"message":"Treatment time : 1078","level":"info"}
{"message":"Treatment time : 2169","level":"info"}
{"message":"\u001b[33mAlready reading a text\u001b[39m","level":"warn"}
{"message":"Treatment time : 2175","level":"info"}
{"message":"\u001b[33mAlready reading a text\u001b[39m","level":"warn"}
{"message":"Treatment time : 2184","level":"info"}
{"message":"\u001b[33mAlready reading a text\u001b[39m","level":"warn"}
{"message":"Treatment time : 2193","level":"info"}
{"message":"\u001b[33mAlready reading a text\u001b[39m","level":"warn"}
{"message":"Treatment time : 2204","level":"info"}
{"message":"\u001b[33mAlready reading a text\u001b[39m","level":"warn"}
{"message":"Treatment time : 2581","level":"info"}
{"message":"Treatment time : 2603","level":"info"}
{"message":"\u001b[33mAlready reading a text\u001b[39m","level":"warn"}
{"message":"Treatment time : 2622","level":"info"}
{"message":"\u001b[33mAlready reading a text\u001b[39m","level":"warn"}
{"message":"Treatment time : 2646","level":"info"}
{"message":"\u001b[33mAlready reading a text\u001b[39m","level":"warn"}
{"message":"Treatment time : 2670","level":"info"}
{"message":"\u001b[33mAlready reading a text\u001b[39m","level":"warn"}
{"message":"Treatment time : 548","level":"info"}
{"message":"\u001b[33mAlready reading a text\u001b[39m","level":"warn"}
{"message":"Treatment time : 563","level":"info"}
{"message":"\u001b[33mAlready reading a text\u001b[39m","level":"warn"}
{"message":"Treatment time : 222","level":"info"}
{"message":"\u001b[33mAlready reading a text\u001b[39m","level":"warn"}
{"message":"Treatment time : 270","level":"info"}
{"message":"\u001b[33mAlready reading a text\u001b[39m","level":"warn"}
{"message":"Treatment time : 905","level":"info"}
{"message":"\u001b[33mAlready reading a text\u001b[39m","level":"warn"}
{"message":"Treatment time : 1027","level":"info"}
{"message":"\u001b[33mAlready reading a text\u001b[39m","level":"warn"}
{"message":"Treatment time : 609","level":"info"}
{"message":"\u001b[33mAlready reading a text\u001b[39m","level":"warn"}
{"message":"Treatment time : 1217","level":"info"}
{"message":"\u001b[33mAlready reading a text\u001b[39m","level":"warn"}
{"message":"Treatment time : 735","level":"info"}
{"message":"\u001b[33mAlready reading a text\u001b[39m","level":"warn"}
{"message":"Treatment time : 353","level":"info"}
{"message":"\u001b[33mAlready reading a text\u001b[39m","level":"warn"}
{"message":"Treatment time : 278","level":"info"}
{"message":"\u001b[33mAlready reading a text\u001b[39m","level":"warn"}
{"message":"Treatment time : 539","level":"info"}
{"message":"\u001b[33mAlready reading a text\u001b[39m","level":"warn"}
{"message":"Treatment time : 1180","level":"info"}
{"message":"\u001b[33mAlready reading a text\u001b[39m","level":"warn"}
{"message":"Treatment time : 972","level":"info"}
{"message":"\u001b[33mAlready reading a text\u001b[39m","level":"warn"}
{"message":"Treatment time : 1089","level":"info"}
{"message":"\u001b[33mAlready reading a text\u001b[39m","level":"warn"}
{"message":"Treatment time : 297","level":"info"}
{"message":"\u001b[33mAlready reading a text\u001b[39m","level":"warn"}
{"message":"Treatment time : 402","level":"info"}
{"message":"\u001b[33mAlready reading a text\u001b[39m","level":"warn"}
{"message":"Treatment time : 1158","level":"info"}
{"message":"\u001b[33mAlready reading a text\u001b[39m","level":"warn"}
{"message":"Treatment time : 512","level":"info"}
{"message":"\u001b[33mAlready reading a text\u001b[39m","level":"warn"}
{"message":"Treatment time : 833","level":"info"}
{"message":"\u001b[33mAlready reading a text\u001b[39m","level":"warn"}
{"message":"Treatment time : 529","level":"info"}
{"message":"Treatment time : 1106","level":"info"}
{"message":"\u001b[33mAlready reading a text\u001b[39m","level":"warn"}
{"message":"Treatment time : 763","level":"info"}
{"message":"\u001b[33mAlready reading a text\u001b[39m","level":"warn"}
{"message":"Treatment time : 425","level":"info"}
{"message":"\u001b[33mAlready reading a text\u001b[39m","level":"warn"}
{"message":"Treatment time : 1436","level":"info"}
{"message":"\u001b[33mAlready reading a text\u001b[39m","level":"warn"}
{"message":"Treatment time : 490","level":"info"}
{"message":"\u001b[33mAlready reading a text\u001b[39m","level":"warn"}
{"message":"Treatment time : 742","level":"info"}
{"message":"\u001b[33mAlready reading a text\u001b[39m","level":"warn"}
{"message":"Treatment time : 1030","level":"info"}
{"message":"\u001b[33mAlready reading a text\u001b[39m","level":"warn"}
{"message":"Treatment time : 230","level":"info"}
{"message":"\u001b[33mAlready reading a text\u001b[39m","level":"warn"}
{"message":"Treatment time : 878","level":"info"}
{"message":"\u001b[33mAlready reading a text\u001b[39m","level":"warn"}
{"message":"Treatment time : 221","level":"info"}
{"message":"\u001b[33mAlready reading a text\u001b[39m","level":"warn"}
{"message":"Treatment time : 943","level":"info"}
{"message":"\u001b[33mAlready reading a text\u001b[39m","level":"warn"}
{"message":"Treatment time : 482","level":"info"}
{"message":"\u001b[33mAlready reading a text\u001b[39m","level":"warn"}
{"message":"Treatment time : 1310","level":"info"}
{"message":"\u001b[33mAlready reading a text\u001b[39m","level":"warn"}
{"message":"Treatment time : 1074","level":"info"}
{"message":"\u001b[33mAlready reading a text\u001b[39m","level":"warn"}
{"message":"Treatment time : 561","level":"info"}
{"message":"\u001b[33mAlready reading a text\u001b[39m","level":"warn"}
{"message":"Treatment time : 563","level":"info"}
{"message":"\u001b[33mAlready reading a text\u001b[39m","level":"warn"}
{"message":"Treatment time : 903","level":"info"}
{"message":"\u001b[33mAlready reading a text\u001b[39m","level":"warn"}
{"message":"Treatment time : 887","level":"info"}
{"message":"\u001b[33mAlready reading a text\u001b[39m","level":"warn"}
{"message":"\u001b[33mAlready reading a text\u001b[39m","level":"warn"}
{"message":"\u001b[33mAlready reading a text\u001b[39m","level":"warn"}
{"message":"\u001b[33mAlready reading a text\u001b[39m","level":"warn"}
{"message":"\u001b[33mAlready reading a text\u001b[39m","level":"warn"}
{"message":"\u001b[33mAlready reading a text\u001b[39m","level":"warn"}
{"message":"\u001b[33mAlready reading a text\u001b[39m","level":"warn"}
{"message":"\u001b[33mAlready reading a text\u001b[39m","level":"warn"}
{"message":"\u001b[33mAlready reading a text\u001b[39m","level":"warn"}
{"message":"\u001b[33mAlready reading a text\u001b[39m","level":"warn"}
{"message":"\u001b[33mAlready reading a text\u001b[39m","level":"warn"}
{"message":"\u001b[33mAlready reading a text\u001b[39m","level":"warn"}
{"message":"\u001b[33mAlready reading a text\u001b[39m","level":"warn"}
{"message":"\u001b[33mAlready reading a text\u001b[39m","level":"warn"}
{"message":"\u001b[33mAlready reading a text\u001b[39m","level":"warn"}
{"message":"\u001b[33mAlready reading a text\u001b[39m","level":"warn"}
{"message":"\u001b[33mAlready reading a text\u001b[39m","level":"warn"}
{"message":"\u001b[33mAlready reading a text\u001b[39m","level":"warn"}
{"message":"\u001b[33mAlready reading a text\u001b[39m","level":"warn"}
{"message":"\u001b[33mAlready reading a text\u001b[39m","level":"warn"}
{"message":"\u001b[33mAlready reading a text\u001b[39m","level":"warn"}
{"message":"\u001b[33mAlready reading a text\u001b[39m","level":"warn"}
{"message":"\u001b[33mAlready reading a text\u001b[39m","level":"warn"}
{"message":"\u001b[33mAlready reading a text\u001b[39m","level":"warn"}
{"message":"\u001b[33mAlready reading a text\u001b[39m","level":"warn"}
{"message":"\u001b[33mAlready reading a text\u001b[39m","level":"warn"}
{"message":"\u001b[33mAlready reading a text\u001b[39m","level":"warn"}
{"message":"\u001b[33mAlready reading a text\u001b[39m","level":"warn"}
{"message":"\u001b[33mAlready reading a text\u001b[39m","level":"warn"}
{"message":"\u001b[33mAlready reading a text\u001b[39m","level":"warn"}
{"message":"\u001b[33mAlready reading a text\u001b[39m","level":"warn"}
{"message":"\u001b[33mAlready reading a text\u001b[39m","level":"warn"}
{"message":"\u001b[33mAlready reading a text\u001b[39m","level":"warn"}
{"message":"\u001b[33mAlready reading a text\u001b[39m","level":"warn"}
{"message":"\u001b[33mAlready reading a text\u001b[39m","level":"warn"}
{"message":"\u001b[33mAlready reading a text\u001b[39m","level":"warn"}
{"message":"\u001b[33mAlready reading a text\u001b[39m","level":"warn"}
{"message":"\u001b[33mAlready reading a text\u001b[39m","level":"warn"}
{"message":"\u001b[33mAlready reading a text\u001b[39m","level":"warn"}
{"message":"\u001b[33mAlready reading a text\u001b[39m","level":"warn"}
{"message":"\u001b[33mAlready reading a text\u001b[39m","level":"warn"}
{"message":"\u001b[33mAlready reading a text\u001b[39m","level":"warn"}
{"message":"\u001b[33mAlready reading a text\u001b[39m","level":"warn"}
{"message":"\u001b[33mAlready reading a text\u001b[39m","level":"warn"}
{"message":"\u001b[33mAlready reading a text\u001b[39m","level":"warn"}
{"message":"\u001b[33mAlready reading a text\u001b[39m","level":"warn"}
{"message":"\u001b[33mAlready reading a text\u001b[39m","level":"warn"}
{"message":"\u001b[33mAlready reading a text\u001b[39m","level":"warn"}
{"message":"\u001b[33mAlready reading a text\u001b[39m","level":"warn"}
{"message":"\u001b[33mAlready reading a text\u001b[39m","level":"warn"}
{"message":"\u001b[33mAlready reading a text\u001b[39m","level":"warn"}
{"message":"\u001b[33mAlready reading a text\u001b[39m","level":"warn"}
{"message":"\u001b[33mAlready reading a text\u001b[39m","level":"warn"}
{"message":"\u001b[33mAlready reading a text\u001b[39m","level":"warn"}
{"message":"\u001b[33mAlready reading a text\u001b[39m","level":"warn"}
{"message":"\u001b[33mAlready reading a text\u001b[39m","level":"warn"}
{"message":"\u001b[33mAlready reading a text\u001b[39m","level":"warn"}
{"message":"\u001b[33mAlready reading a text\u001b[39m","level":"warn"}
{"message":"\u001b[33mAlready reading a text\u001b[39m","level":"warn"}
{"message":"\u001b[33mAlready reading a text\u001b[39m","level":"warn"}
{"message":"\u001b[33mAlready reading a text\u001b[39m","level":"warn"}
{"message":"\u001b[33mAlready reading a text\u001b[39m","level":"warn"}
{"message":"\u001b[33mAlready reading a text\u001b[39m","level":"warn"}
{"message":"\u001b[33mAlready reading a text\u001b[39m","level":"warn"}
{"message":"\u001b[33mAlready reading a text\u001b[39m","level":"warn"}
{"message":"\u001b[33mAlready reading a text\u001b[39m","level":"warn"}
{"message":"\u001b[33mAlready reading a text\u001b[39m","level":"warn"}
{"message":"\u001b[33mAlready reading a text\u001b[39m","level":"warn"}
{"message":"\u001b[33mAlready reading a text\u001b[39m","level":"warn"}
{"message":"\u001b[33mAlready reading a text\u001b[39m","level":"warn"}
{"message":"\u001b[33mAlready reading a text\u001b[39m","level":"warn"}
{"message":"\u001b[33mAlready reading a text\u001b[39m","level":"warn"}
{"message":"\u001b[33mAlready reading a text\u001b[39m","level":"warn"}
{"message":"\u001b[33mAlready reading a text\u001b[39m","level":"warn"}
{"message":"\u001b[33mAlready reading a text\u001b[39m","level":"warn"}
{"message":"\u001b[33mAlready reading a text\u001b[39m","level":"warn"}
{"message":"\u001b[33mAlready reading a text\u001b[39m","level":"warn"}
{"message":"\u001b[33mAlready reading a text\u001b[39m","level":"warn"}
{"message":"\u001b[33mAlready reading a text\u001b[39m","level":"warn"}
{"message":"\u001b[33mAlready reading a text\u001b[39m","level":"warn"}
{"message":"\u001b[33mAlready reading a text\u001b[39m","level":"warn"}
{"message":"\u001b[33mAlready reading a text\u001b[39m","level":"warn"}
{"message":"\u001b[33mAlready reading a text\u001b[39m","level":"warn"}
{"message":"\u001b[33mAlready reading a text\u001b[39m","level":"warn"}
{"message":"\u001b[33mAlready reading a text\u001b[39m","level":"warn"}
{"message":"\u001b[33mAlready reading a text\u001b[39m","level":"warn"}
{"message":"\u001b[33mAlready reading a text\u001b[39m","level":"warn"}
{"message":"\u001b[33mAlready reading a text\u001b[39m","level":"warn"}
{"message":"\u001b[33mAlready reading a text\u001b[39m","level":"warn"}
{"message":"\u001b[33mAlready reading a text\u001b[39m","level":"warn"}
{"message":"\u001b[33mAlready reading a text\u001b[39m","level":"warn"}
{"message":"\u001b[33mAlready reading a text\u001b[39m","level":"warn"}
{"message":"\u001b[33mAlready reading a text\u001b[39m","level":"warn"}
{"message":"\u001b[33mAlready reading a text\u001b[39m","level":"warn"}
{"message":"\u001b[33mAlready reading a text\u001b[39m","level":"warn"}
{"message":"Using HTTP","level":"info"}
{"message":"Database connected","level":"info"}
{"message":"\u001b[33mAlready reading a text\u001b[39m","level":"warn"}
{"message":"\u001b[33mAlready reading a text\u001b[39m","level":"warn"}
{"message":"\u001b[33mAlready reading a text\u001b[39m","level":"warn"}
{"message":"\u001b[33mAlready reading a text\u001b[39m","level":"warn"}
{"message":"\u001b[33mAlready reading a text\u001b[39m","level":"warn"}
{"message":"\u001b[33mAlready reading a text\u001b[39m","level":"warn"}
{"message":"\u001b[33mAlready reading a text\u001b[39m","level":"warn"}
{"message":"\u001b[33mAlready reading a text\u001b[39m","level":"warn"}
{"message":"\u001b[33mAlready reading a text\u001b[39m","level":"warn"}
{"message":"\u001b[33mAlready reading a text\u001b[39m","level":"warn"}
{"message":"\u001b[33mAlready reading a text\u001b[39m","level":"warn"}
{"message":"\u001b[33mAlready reading a text\u001b[39m","level":"warn"}
{"message":"\u001b[33mAlready reading a text\u001b[39m","level":"warn"}
{"message":"\u001b[33mAlready reading a text\u001b[39m","level":"warn"}
{"message":"\u001b[33mAlready reading a text\u001b[39m","level":"warn"}
{"message":"\u001b[33mAlready reading a text\u001b[39m","level":"warn"}
{"message":"\u001b[33mAlready reading a text\u001b[39m","level":"warn"}
{"message":"\u001b[33mAlready reading a text\u001b[39m","level":"warn"}
{"message":"\u001b[33mAlready reading a text\u001b[39m","level":"warn"}
{"message":"\u001b[33mAlready reading a text\u001b[39m","level":"warn"}
{"message":"\u001b[33mAlready reading a text\u001b[39m","level":"warn"}
{"message":"\u001b[33mAlready reading a text\u001b[39m","level":"warn"}
{"message":"\u001b[33mAlready reading a text\u001b[39m","level":"warn"}
{"message":"\u001b[33mAlready reading a text\u001b[39m","level":"warn"}
{"message":"\u001b[33mAlready reading a text\u001b[39m","level":"warn"}
{"message":"\u001b[33mAlready reading a text\u001b[39m","level":"warn"}
{"message":"\u001b[33mAlready reading a text\u001b[39m","level":"warn"}
{"message":"\u001b[33mAlready reading a text\u001b[39m","level":"warn"}
{"message":"\u001b[33mAlready reading a text\u001b[39m","level":"warn"}
{"message":"\u001b[33mAlready reading a text\u001b[39m","level":"warn"}
{"message":"\u001b[33mAlready reading a text\u001b[39m","level":"warn"}
{"message":"\u001b[33mAlready reading a text\u001b[39m","level":"warn"}
{"message":"\u001b[33mAlready reading a text\u001b[39m","level":"warn"}
{"message":"\u001b[33mAlready reading a text\u001b[39m","level":"warn"}
{"message":"\u001b[33mAlready reading a text\u001b[39m","level":"warn"}
{"message":"\u001b[33mAlready reading a text\u001b[39m","level":"warn"}
{"message":"\u001b[33mAlready reading a text\u001b[39m","level":"warn"}
{"message":"\u001b[33mAlready reading a text\u001b[39m","level":"warn"}
{"message":"\u001b[33mAlready reading a text\u001b[39m","level":"warn"}
{"message":"\u001b[33mAlready reading a text\u001b[39m","level":"warn"}
{"message":"\u001b[33mAlready reading a text\u001b[39m","level":"warn"}
{"message":"\u001b[33mAlready reading a text\u001b[39m","level":"warn"}
{"message":"\u001b[33mAlready reading a text\u001b[39m","level":"warn"}
{"message":"\u001b[33mAlready reading a text\u001b[39m","level":"warn"}
{"message":"\u001b[33mAlready reading a text\u001b[39m","level":"warn"}
{"message":"\u001b[33mAlready reading a text\u001b[39m","level":"warn"}
{"message":"\u001b[33mAlready reading a text\u001b[39m","level":"warn"}
{"message":"Using HTTP","level":"info"}
{"message":"Database connected","level":"info"}
{"message":"\u001b[33mAlready reading a text\u001b[39m","level":"warn"}
{"message":"\u001b[33mAlready reading a text\u001b[39m","level":"warn"}
{"message":"\u001b[33mAlready reading a text\u001b[39m","level":"warn"}
{"message":"\u001b[33mAlready reading a text\u001b[39m","level":"warn"}
{"message":"\u001b[33mAlready reading a text\u001b[39m","level":"warn"}
{"message":"\u001b[33mAlready reading a text\u001b[39m","level":"warn"}
{"message":"\u001b[33mAlready reading a text\u001b[39m","level":"warn"}
{"message":"\u001b[33mAlready reading a text\u001b[39m","level":"warn"}
{"message":"\u001b[33mAlready reading a text\u001b[39m","level":"warn"}
{"message":"\u001b[33mAlready reading a text\u001b[39m","level":"warn"}
{"message":"\u001b[33mAlready reading a text\u001b[39m","level":"warn"}
{"message":"\u001b[33mAlready reading a text\u001b[39m","level":"warn"}
{"message":"\u001b[33mAlready reading a text\u001b[39m","level":"warn"}
{"message":"\u001b[33mAlready reading a text\u001b[39m","level":"warn"}
{"message":"\u001b[33mAlready reading a text\u001b[39m","level":"warn"}
{"message":"\u001b[33mAlready reading a text\u001b[39m","level":"warn"}
{"message":"\u001b[33mAlready reading a text\u001b[39m","level":"warn"}
{"message":"\u001b[33mAlready reading a text\u001b[39m","level":"warn"}
{"message":"\u001b[33mAlready reading a text\u001b[39m","level":"warn"}
{"message":"\u001b[33mAlready reading a text\u001b[39m","level":"warn"}
{"message":"\u001b[33mAlready reading a text\u001b[39m","level":"warn"}
{"message":"\u001b[33mAlready reading a text\u001b[39m","level":"warn"}
{"message":"\u001b[33mAlready reading a text\u001b[39m","level":"warn"}
{"message":"\u001b[33mAlready reading a text\u001b[39m","level":"warn"}
{"message":"\u001b[33mAlready reading a text\u001b[39m","level":"warn"}
{"message":"\u001b[33mAlready reading a text\u001b[39m","level":"warn"}
{"message":"\u001b[33mAlready reading a text\u001b[39m","level":"warn"}
{"message":"\u001b[33mAlready reading a text\u001b[39m","level":"warn"}
{"message":"\u001b[33mAlready reading a text\u001b[39m","level":"warn"}
{"message":"\u001b[33mAlready reading a text\u001b[39m","level":"warn"}
{"message":"\u001b[33mAlready reading a text\u001b[39m","level":"warn"}
{"message":"\u001b[33mAlready reading a text\u001b[39m","level":"warn"}
{"message":"\u001b[33mAlready reading a text\u001b[39m","level":"warn"}
{"message":"\u001b[33mAlready reading a text\u001b[39m","level":"warn"}
{"message":"\u001b[33mAlready reading a text\u001b[39m","level":"warn"}
{"message":"\u001b[33mAlready reading a text\u001b[39m","level":"warn"}
{"message":"\u001b[33mAlready reading a text\u001b[39m","level":"warn"}
{"message":"\u001b[33mAlready reading a text\u001b[39m","level":"warn"}
{"message":"\u001b[33mAlready reading a text\u001b[39m","level":"warn"}
{"message":"\u001b[33mAlready reading a text\u001b[39m","level":"warn"}
{"message":"\u001b[33mAlready reading a text\u001b[39m","level":"warn"}
{"message":"\u001b[33mAlready reading a text\u001b[39m","level":"warn"}
{"message":"\u001b[33mAlready reading a text\u001b[39m","level":"warn"}
{"message":"\u001b[33mAlready reading a text\u001b[39m","level":"warn"}
{"message":"\u001b[33mAlready reading a text\u001b[39m","level":"warn"}
{"message":"\u001b[33mAlready reading a text\u001b[39m","level":"warn"}
{"message":"\u001b[33mAlready reading a text\u001b[39m","level":"warn"}
{"message":"Using HTTP","level":"info"}
{"message":"Database connected","level":"info"}
{"message":"\u001b[33mAlready reading a text\u001b[39m","level":"warn"}
{"message":"\u001b[33mAlready reading a text\u001b[39m","level":"warn"}
{"message":"\u001b[33mAlready reading a text\u001b[39m","level":"warn"}
{"message":"\u001b[33mAlready reading a text\u001b[39m","level":"warn"}
{"message":"\u001b[33mAlready reading a text\u001b[39m","level":"warn"}
{"message":"\u001b[33mAlready reading a text\u001b[39m","level":"warn"}
{"message":"\u001b[33mAlready reading a text\u001b[39m","level":"warn"}
{"message":"\u001b[33mAlready reading a text\u001b[39m","level":"warn"}
{"message":"\u001b[33mAlready reading a text\u001b[39m","level":"warn"}
{"message":"\u001b[33mAlready reading a text\u001b[39m","level":"warn"}
{"message":"\u001b[33mAlready reading a text\u001b[39m","level":"warn"}
{"message":"\u001b[33mAlready reading a text\u001b[39m","level":"warn"}
{"message":"\u001b[33mAlready reading a text\u001b[39m","level":"warn"}
{"message":"\u001b[33mAlready reading a text\u001b[39m","level":"warn"}
{"message":"\u001b[33mAlready reading a text\u001b[39m","level":"warn"}
{"message":"\u001b[33mAlready reading a text\u001b[39m","level":"warn"}
{"message":"\u001b[33mAlready reading a text\u001b[39m","level":"warn"}
{"message":"\u001b[33mAlready reading a text\u001b[39m","level":"warn"}
{"message":"\u001b[33mAlready reading a text\u001b[39m","level":"warn"}
{"message":"\u001b[33mAlready reading a text\u001b[39m","level":"warn"}
{"message":"\u001b[33mAlready reading a text\u001b[39m","level":"warn"}
{"message":"\u001b[33mAlready reading a text\u001b[39m","level":"warn"}
{"message":"\u001b[33mAlready reading a text\u001b[39m","level":"warn"}
{"message":"\u001b[33mAlready reading a text\u001b[39m","level":"warn"}
{"message":"\u001b[33mAlready reading a text\u001b[39m","level":"warn"}
{"message":"\u001b[33mAlready reading a text\u001b[39m","level":"warn"}
{"message":"\u001b[33mAlready reading a text\u001b[39m","level":"warn"}
{"message":"\u001b[33mAlready reading a text\u001b[39m","level":"warn"}
{"message":"\u001b[33mAlready reading a text\u001b[39m","level":"warn"}
{"message":"\u001b[33mAlready reading a text\u001b[39m","level":"warn"}
{"message":"\u001b[33mAlready reading a text\u001b[39m","level":"warn"}
{"message":"\u001b[33mAlready reading a text\u001b[39m","level":"warn"}
{"message":"\u001b[33mAlready reading a text\u001b[39m","level":"warn"}
{"message":"\u001b[33mAlready reading a text\u001b[39m","level":"warn"}
{"message":"\u001b[33mAlready reading a text\u001b[39m","level":"warn"}
{"message":"\u001b[33mAlready reading a text\u001b[39m","level":"warn"}
{"message":"\u001b[33mAlready reading a text\u001b[39m","level":"warn"}
{"message":"\u001b[33mAlready reading a text\u001b[39m","level":"warn"}
{"message":"\u001b[33mAlready reading a text\u001b[39m","level":"warn"}
{"message":"\u001b[33mAlready reading a text\u001b[39m","level":"warn"}
{"message":"\u001b[33mAlready reading a text\u001b[39m","level":"warn"}
{"message":"\u001b[33mAlready reading a text\u001b[39m","level":"warn"}
{"message":"\u001b[33mAlready reading a text\u001b[39m","level":"warn"}
{"message":"\u001b[33mAlready reading a text\u001b[39m","level":"warn"}
{"message":"\u001b[33mAlready reading a text\u001b[39m","level":"warn"}
{"message":"\u001b[33mAlready reading a text\u001b[39m","level":"warn"}
{"message":"\u001b[33mAlready reading a text\u001b[39m","level":"warn"}
{"message":"Using HTTP","level":"info"}
{"message":"Database connected","level":"info"}
{"message":"\u001b[33mAlready reading a text\u001b[39m","level":"warn"}
{"message":"\u001b[33mAlready reading a text\u001b[39m","level":"warn"}
{"message":"\u001b[33mAlready reading a text\u001b[39m","level":"warn"}
{"message":"\u001b[33mAlready reading a text\u001b[39m","level":"warn"}
{"message":"\u001b[33mAlready reading a text\u001b[39m","level":"warn"}
{"message":"\u001b[33mAlready reading a text\u001b[39m","level":"warn"}
{"message":"\u001b[33mAlready reading a text\u001b[39m","level":"warn"}
{"message":"\u001b[33mAlready reading a text\u001b[39m","level":"warn"}
{"message":"\u001b[33mAlready reading a text\u001b[39m","level":"warn"}
{"message":"\u001b[33mAlready reading a text\u001b[39m","level":"warn"}
{"message":"\u001b[33mAlready reading a text\u001b[39m","level":"warn"}
{"message":"\u001b[33mAlready reading a text\u001b[39m","level":"warn"}
{"message":"\u001b[33mAlready reading a text\u001b[39m","level":"warn"}
{"message":"\u001b[33mAlready reading a text\u001b[39m","level":"warn"}
{"message":"\u001b[33mAlready reading a text\u001b[39m","level":"warn"}
{"message":"\u001b[33mAlready reading a text\u001b[39m","level":"warn"}
{"message":"\u001b[33mAlready reading a text\u001b[39m","level":"warn"}
{"message":"\u001b[33mAlready reading a text\u001b[39m","level":"warn"}
{"message":"\u001b[33mAlready reading a text\u001b[39m","level":"warn"}
{"message":"\u001b[33mAlready reading a text\u001b[39m","level":"warn"}
{"message":"\u001b[33mAlready reading a text\u001b[39m","level":"warn"}
{"message":"\u001b[33mAlready reading a text\u001b[39m","level":"warn"}
{"message":"\u001b[33mAlready reading a text\u001b[39m","level":"warn"}
{"message":"\u001b[33mAlready reading a text\u001b[39m","level":"warn"}
{"message":"\u001b[33mAlready reading a text\u001b[39m","level":"warn"}
{"message":"\u001b[33mAlready reading a text\u001b[39m","level":"warn"}
{"message":"\u001b[33mAlready reading a text\u001b[39m","level":"warn"}
{"message":"\u001b[33mAlready reading a text\u001b[39m","level":"warn"}
{"message":"\u001b[33mAlready reading a text\u001b[39m","level":"warn"}
{"message":"\u001b[33mAlready reading a text\u001b[39m","level":"warn"}
{"message":"\u001b[33mAlready reading a text\u001b[39m","level":"warn"}
{"message":"\u001b[33mAlready reading a text\u001b[39m","level":"warn"}
{"message":"\u001b[33mAlready reading a text\u001b[39m","level":"warn"}
{"message":"\u001b[33mAlready reading a text\u001b[39m","level":"warn"}
{"message":"\u001b[33mAlready reading a text\u001b[39m","level":"warn"}
{"message":"\u001b[33mAlready reading a text\u001b[39m","level":"warn"}
{"message":"\u001b[33mAlready reading a text\u001b[39m","level":"warn"}
{"message":"\u001b[33mAlready reading a text\u001b[39m","level":"warn"}
{"message":"\u001b[33mAlready reading a text\u001b[39m","level":"warn"}
{"message":"\u001b[33mAlready reading a text\u001b[39m","level":"warn"}
{"message":"\u001b[33mAlready reading a text\u001b[39m","level":"warn"}
{"message":"\u001b[33mAlready reading a text\u001b[39m","level":"warn"}
{"message":"\u001b[33mAlready reading a text\u001b[39m","level":"warn"}
{"message":"\u001b[33mAlready reading a text\u001b[39m","level":"warn"}
{"message":"\u001b[33mAlready reading a text\u001b[39m","level":"warn"}
{"message":"\u001b[33mAlready reading a text\u001b[39m","level":"warn"}
{"message":"\u001b[33mAlready reading a text\u001b[39m","level":"warn"}
{"message":"Treatment time : 24","level":"info"}
{"message":"Treatment time : 91","level":"info"}
{"message":"Treatment time : 127","level":"info"}
{"message":"Treatment time : 172","level":"info"}
{"message":"Treatment time : 259","level":"info"}
{"message":"Treatment time : 355","level":"info"}
{"message":"Treatment time : 437","level":"info"}
{"message":"Treatment time : 512","level":"info"}
{"message":"Treatment time : 629","level":"info"}
{"message":"Treatment time : 740","level":"info"}
{"message":"Treatment time : 1005","level":"info"}
{"message":"\u001b[33mAlready reading a text\u001b[39m","level":"warn"}
{"message":"Treatment time : 738","level":"info"}
{"message":"\u001b[33mAlready reading a text\u001b[39m","level":"warn"}
{"message":"Treatment time : 829","level":"info"}
{"message":"\u001b[33mAlready reading a text\u001b[39m","level":"warn"}
{"message":"Treatment time : 946","level":"info"}
{"message":"\u001b[33mAlready reading a text\u001b[39m","level":"warn"}
{"message":"Treatment time : 838","level":"info"}
{"message":"\u001b[33mAlready reading a text\u001b[39m","level":"warn"}
{"message":"Treatment time : 1161","level":"info"}
{"message":"\u001b[33mAlready reading a text\u001b[39m","level":"warn"}
{"message":"Treatment time : 1373","level":"info"}
{"message":"\u001b[33mAlready reading a text\u001b[39m","level":"warn"}
{"message":"Treatment time : 874","level":"info"}
{"message":"\u001b[33mAlready reading a text\u001b[39m","level":"warn"}
{"message":"Treatment time : 1593","level":"info"}
{"message":"\u001b[33mAlready reading a text\u001b[39m","level":"warn"}
{"message":"Treatment time : 433","level":"info"}
{"message":"\u001b[33mAlready reading a text\u001b[39m","level":"warn"}
{"message":"Treatment time : 852","level":"info"}
{"message":"\u001b[33mAlready reading a text\u001b[39m","level":"warn"}
{"message":"Treatment time : 1101","level":"info"}
{"message":"\u001b[33mAlready reading a text\u001b[39m","level":"warn"}
{"message":"Treatment time : 197","level":"info"}
{"message":"\u001b[33mAlready reading a text\u001b[39m","level":"warn"}
{"message":"Treatment time : 1083","level":"info"}
{"message":"\u001b[33mAlready reading a text\u001b[39m","level":"warn"}
{"message":"Treatment time : 644","level":"info"}
{"message":"\u001b[33mAlready reading a text\u001b[39m","level":"warn"}
{"message":"Treatment time : 1517","level":"info"}
{"message":"\u001b[33mAlready reading a text\u001b[39m","level":"warn"}
{"message":"Treatment time : 486","level":"info"}
{"message":"\u001b[33mAlready reading a text\u001b[39m","level":"warn"}
{"message":"Treatment time : 890","level":"info"}
{"message":"\u001b[33mAlready reading a text\u001b[39m","level":"warn"}
{"message":"Treatment time : 569","level":"info"}
{"message":"\u001b[33mAlready reading a text\u001b[39m","level":"warn"}
{"message":"Treatment time : 1253","level":"info"}
{"message":"\u001b[33mAlready reading a text\u001b[39m","level":"warn"}
{"message":"Treatment time : 932","level":"info"}
{"message":"\u001b[33mAlready reading a text\u001b[39m","level":"warn"}
{"message":"Treatment time : 847","level":"info"}
{"message":"\u001b[33mAlready reading a text\u001b[39m","level":"warn"}
{"message":"Treatment time : 746","level":"info"}
{"message":"\u001b[33mAlready reading a text\u001b[39m","level":"warn"}
{"message":"Treatment time : 533","level":"info"}
{"message":"\u001b[33mAlready reading a text\u001b[39m","level":"warn"}
{"message":"Treatment time : 964","level":"info"}
{"message":"\u001b[33mAlready reading a text\u001b[39m","level":"warn"}
{"message":"Treatment time : 341","level":"info"}
{"message":"\u001b[33mAlready reading a text\u001b[39m","level":"warn"}
{"message":"Treatment time : 543","level":"info"}
{"message":"\u001b[33mAlready reading a text\u001b[39m","level":"warn"}
{"message":"Treatment time : 333","level":"info"}
{"message":"\u001b[33mAlready reading a text\u001b[39m","level":"warn"}
{"message":"Treatment time : 259","level":"info"}
{"message":"\u001b[33mAlready reading a text\u001b[39m","level":"warn"}
{"message":"Treatment time : 287","level":"info"}
{"message":"\u001b[33mAlready reading a text\u001b[39m","level":"warn"}
{"message":"Treatment time : 807","level":"info"}
{"message":"\u001b[33mAlready reading a text\u001b[39m","level":"warn"}
{"message":"Treatment time : 1430","level":"info"}
{"message":"\u001b[33mAlready reading a text\u001b[39m","level":"warn"}
{"message":"Treatment time : 259","level":"info"}
{"message":"\u001b[33mAlready reading a text\u001b[39m","level":"warn"}
{"message":"Treatment time : 294","level":"info"}
{"message":"\u001b[33mAlready reading a text\u001b[39m","level":"warn"}
{"message":"Treatment time : 1408","level":"info"}
{"message":"\u001b[33mAlready reading a text\u001b[39m","level":"warn"}
{"message":"Treatment time : 172","level":"info"}
{"message":"\u001b[33mAlready reading a text\u001b[39m","level":"warn"}
{"message":"Treatment time : 694","level":"info"}
{"message":"\u001b[33mAlready reading a text\u001b[39m","level":"warn"}
{"message":"Treatment time : 1082","level":"info"}
{"message":"\u001b[33mAlready reading a text\u001b[39m","level":"warn"}
{"message":"Treatment time : 1271","level":"info"}
{"message":"\u001b[33mAlready reading a text\u001b[39m","level":"warn"}
{"message":"Treatment time : 466","level":"info"}
{"message":"\u001b[33mAlready reading a text\u001b[39m","level":"warn"}
{"message":"Using HTTP","level":"info"}
{"message":"Database connected","level":"info"}
{"message":"Treatment time : 1079","level":"info"}
{"message":"Treatment time : 2138","level":"info"}
{"message":"\u001b[33mAlready reading a text\u001b[39m","level":"warn"}
{"message":"Treatment time : 2177","level":"info"}
{"message":"\u001b[33mAlready reading a text\u001b[39m","level":"warn"}
{"message":"Treatment time : 2217","level":"info"}
{"message":"\u001b[33mAlready reading a text\u001b[39m","level":"warn"}
{"message":"Treatment time : 2245","level":"info"}
{"message":"\u001b[33mAlready reading a text\u001b[39m","level":"warn"}
{"message":"Treatment time : 2277","level":"info"}
{"message":"\u001b[33mAlready reading a text\u001b[39m","level":"warn"}
{"message":"Treatment time : 2338","level":"info"}
{"message":"\u001b[33mAlready reading a text\u001b[39m","level":"warn"}
{"message":"Treatment time : 2363","level":"info"}
{"message":"\u001b[33mAlready reading a text\u001b[39m","level":"warn"}
{"message":"Treatment time : 2391","level":"info"}
{"message":"\u001b[33mAlready reading a text\u001b[39m","level":"warn"}
{"message":"Treatment time : 2441","level":"info"}
{"message":"Treatment time : 2484","level":"info"}
{"message":"\u001b[33mAlready reading a text\u001b[39m","level":"warn"}
{"message":"Treatment time : 298","level":"info"}
{"message":"\u001b[33mAlready reading a text\u001b[39m","level":"warn"}
{"message":"Treatment time : 387","level":"info"}
{"message":"\u001b[33mAlready reading a text\u001b[39m","level":"warn"}
{"message":"Treatment time : 497","level":"info"}
{"message":"\u001b[33mAlready reading a text\u001b[39m","level":"warn"}
{"message":"Treatment time : 283","level":"info"}
{"message":"\u001b[33mAlready reading a text\u001b[39m","level":"warn"}
{"message":"Treatment time : 590","level":"info"}
{"message":"\u001b[33mAlready reading a text\u001b[39m","level":"warn"}
{"message":"Treatment time : 414","level":"info"}
{"message":"\u001b[33mAlready reading a text\u001b[39m","level":"warn"}
{"message":"Treatment time : 739","level":"info"}
{"message":"\u001b[33mAlready reading a text\u001b[39m","level":"warn"}
{"message":"Treatment time : 229","level":"info"}
{"message":"\u001b[33mAlready reading a text\u001b[39m","level":"warn"}
{"message":"Treatment time : 433","level":"info"}
{"message":"\u001b[33mAlready reading a text\u001b[39m","level":"warn"}
{"message":"Treatment time : 606","level":"info"}
{"message":"\u001b[33mAlready reading a text\u001b[39m","level":"warn"}
{"message":"Treatment time : 551","level":"info"}
{"message":"\u001b[33mAlready reading a text\u001b[39m","level":"warn"}
{"message":"Treatment time : 199","level":"info"}
{"message":"\u001b[33mAlready reading a text\u001b[39m","level":"warn"}
{"message":"Treatment time : 436","level":"info"}
{"message":"\u001b[33mAlready reading a text\u001b[39m","level":"warn"}
{"message":"Treatment time : 306","level":"info"}
{"message":"\u001b[33mAlready reading a text\u001b[39m","level":"warn"}
{"message":"Treatment time : 448","level":"info"}
{"message":"\u001b[33mAlready reading a text\u001b[39m","level":"warn"}
{"message":"Treatment time : 851","level":"info"}
{"message":"\u001b[33mAlready reading a text\u001b[39m","level":"warn"}
{"message":"Treatment time : 591","level":"info"}
{"message":"\u001b[33mAlready reading a text\u001b[39m","level":"warn"}
{"message":"Treatment time : 206","level":"info"}
{"message":"\u001b[33mAlready reading a text\u001b[39m","level":"warn"}
{"message":"Treatment time : 169","level":"info"}
{"message":"\u001b[33mAlready reading a text\u001b[39m","level":"warn"}
{"message":"Treatment time : 508","level":"info"}
{"message":"\u001b[33mAlready reading a text\u001b[39m","level":"warn"}
{"message":"Treatment time : 195","level":"info"}
{"message":"\u001b[33mAlready reading a text\u001b[39m","level":"warn"}
{"message":"Treatment time : 481","level":"info"}
{"message":"\u001b[33mAlready reading a text\u001b[39m","level":"warn"}
{"message":"Treatment time : 543","level":"info"}
{"message":"\u001b[33mAlready reading a text\u001b[39m","level":"warn"}
{"message":"Treatment time : 499","level":"info"}
{"message":"\u001b[33mAlready reading a text\u001b[39m","level":"warn"}
{"message":"Treatment time : 414","level":"info"}
{"message":"\u001b[33mAlready reading a text\u001b[39m","level":"warn"}
{"message":"Treatment time : 341","level":"info"}
{"message":"\u001b[33mAlready reading a text\u001b[39m","level":"warn"}
{"message":"Treatment time : 202","level":"info"}
{"message":"\u001b[33mAlready reading a text\u001b[39m","level":"warn"}
{"message":"Treatment time : 147","level":"info"}
{"message":"\u001b[33mAlready reading a text\u001b[39m","level":"warn"}
{"message":"Treatment time : 255","level":"info"}
{"message":"\u001b[33mAlready reading a text\u001b[39m","level":"warn"}
{"message":"Treatment time : 630","level":"info"}
{"message":"\u001b[33mAlready reading a text\u001b[39m","level":"warn"}
{"message":"Treatment time : 488","level":"info"}
{"message":"\u001b[33mAlready reading a text\u001b[39m","level":"warn"}
{"message":"Treatment time : 137","level":"info"}
{"message":"\u001b[33mAlready reading a text\u001b[39m","level":"warn"}
{"message":"Treatment time : 190","level":"info"}
{"message":"\u001b[33mAlready reading a text\u001b[39m","level":"warn"}
{"message":"Treatment time : 610","level":"info"}
{"message":"\u001b[33mAlready reading a text\u001b[39m","level":"warn"}
{"message":"Treatment time : 629","level":"info"}
{"message":"\u001b[33mAlready reading a text\u001b[39m","level":"warn"}
{"message":"Treatment time : 253","level":"info"}
{"message":"\u001b[33mAlready reading a text\u001b[39m","level":"warn"}
{"message":"Treatment time : 594","level":"info"}
{"message":"\u001b[33mAlready reading a text\u001b[39m","level":"warn"}
{"message":"Treatment time : 469","level":"info"}
{"message":"\u001b[33mAlready reading a text\u001b[39m","level":"warn"}
{"message":"Treatment time : 493","level":"info"}
{"message":"\u001b[33mAlready reading a text\u001b[39m","level":"warn"}
{"message":"Using HTTP","level":"info"}
{"message":"Database connected","level":"info"}
{"message":"Treatment time : 1066","level":"info"}
{"message":"Treatment time : 2133","level":"info"}
{"message":"\u001b[33mAlready reading a text\u001b[39m","level":"warn"}
{"message":"Treatment time : 2161","level":"info"}
{"message":"\u001b[33mAlready reading a text\u001b[39m","level":"warn"}
{"message":"Treatment time : 2179","level":"info"}
{"message":"\u001b[33mAlready reading a text\u001b[39m","level":"warn"}
{"message":"Treatment time : 2225","level":"info"}
{"message":"\u001b[33mAlready reading a text\u001b[39m","level":"warn"}
{"message":"Treatment time : 2248","level":"info"}
{"message":"\u001b[33mAlready reading a text\u001b[39m","level":"warn"}
{"message":"Treatment time : 2306","level":"info"}
{"message":"\u001b[33mAlready reading a text\u001b[39m","level":"warn"}
{"message":"Treatment time : 2323","level":"info"}
{"message":"\u001b[33mAlready reading a text\u001b[39m","level":"warn"}
{"message":"Treatment time : 2355","level":"info"}
{"message":"\u001b[33mAlready reading a text\u001b[39m","level":"warn"}
{"message":"Treatment time : 2397","level":"info"}
{"message":"Treatment time : 2436","level":"info"}
{"message":"\u001b[33mAlready reading a text\u001b[39m","level":"warn"}
{"message":"Treatment time : 244","level":"info"}
{"message":"\u001b[33mAlready reading a text\u001b[39m","level":"warn"}
{"message":"Treatment time : 319","level":"info"}
{"message":"\u001b[33mAlready reading a text\u001b[39m","level":"warn"}
{"message":"Treatment time : 194","level":"info"}
{"message":"\u001b[33mAlready reading a text\u001b[39m","level":"warn"}
{"message":"Treatment time : 409","level":"info"}
{"message":"\u001b[33mAlready reading a text\u001b[39m","level":"warn"}
{"message":"Treatment time : 290","level":"info"}
{"message":"\u001b[33mAlready reading a text\u001b[39m","level":"warn"}
{"message":"Treatment time : 480","level":"info"}
{"message":"\u001b[33mAlready reading a text\u001b[39m","level":"warn"}
{"message":"Treatment time : 595","level":"info"}
{"message":"\u001b[33mAlready reading a text\u001b[39m","level":"warn"}
{"message":"Treatment time : 168","level":"info"}
{"message":"\u001b[33mAlready reading a text\u001b[39m","level":"warn"}
{"message":"Treatment time : 196","level":"info"}
{"message":"\u001b[33mAlready reading a text\u001b[39m","level":"warn"}
{"message":"Treatment time : 422","level":"info"}
{"message":"\u001b[33mAlready reading a text\u001b[39m","level":"warn"}
{"message":"Treatment time : 496","level":"info"}
{"message":"\u001b[33mAlready reading a text\u001b[39m","level":"warn"}
{"message":"Treatment time : 312","level":"info"}
{"message":"\u001b[33mAlready reading a text\u001b[39m","level":"warn"}
{"message":"Treatment time : 449","level":"info"}
{"message":"\u001b[33mAlready reading a text\u001b[39m","level":"warn"}
{"message":"Treatment time : 269","level":"info"}
{"message":"\u001b[33mAlready reading a text\u001b[39m","level":"warn"}
{"message":"Treatment time : 144","level":"info"}
{"message":"\u001b[33mAlready reading a text\u001b[39m","level":"warn"}
{"message":"Treatment time : 200","level":"info"}
{"message":"\u001b[33mAlready reading a text\u001b[39m","level":"warn"}
{"message":"Treatment time : 369","level":"info"}
{"message":"\u001b[33mAlready reading a text\u001b[39m","level":"warn"}
{"message":"Treatment time : 205","level":"info"}
{"message":"\u001b[33mAlready reading a text\u001b[39m","level":"warn"}
{"message":"Treatment time : 157","level":"info"}
{"message":"\u001b[33mAlready reading a text\u001b[39m","level":"warn"}
{"message":"Treatment time : 413","level":"info"}
{"message":"\u001b[33mAlready reading a text\u001b[39m","level":"warn"}
{"message":"Treatment time : 794","level":"info"}
{"message":"\u001b[33mAlready reading a text\u001b[39m","level":"warn"}
{"message":"Treatment time : 354","level":"info"}
{"message":"\u001b[33mAlready reading a text\u001b[39m","level":"warn"}
{"message":"Treatment time : 217","level":"info"}
{"message":"\u001b[33mAlready reading a text\u001b[39m","level":"warn"}
{"message":"Treatment time : 333","level":"info"}
{"message":"\u001b[33mAlready reading a text\u001b[39m","level":"warn"}
{"message":"Treatment time : 120","level":"info"}
{"message":"\u001b[33mAlready reading a text\u001b[39m","level":"warn"}
{"message":"Treatment time : 361","level":"info"}
{"message":"\u001b[33mAlready reading a text\u001b[39m","level":"warn"}
{"message":"Treatment time : 157","level":"info"}
{"message":"\u001b[33mAlready reading a text\u001b[39m","level":"warn"}
{"message":"Treatment time : 359","level":"info"}
{"message":"\u001b[33mAlready reading a text\u001b[39m","level":"warn"}
{"message":"Treatment time : 84","level":"info"}
{"message":"\u001b[33mAlready reading a text\u001b[39m","level":"warn"}
{"message":"Treatment time : 332","level":"info"}
{"message":"\u001b[33mAlready reading a text\u001b[39m","level":"warn"}
{"message":"Treatment time : 141","level":"info"}
{"message":"\u001b[33mAlready reading a text\u001b[39m","level":"warn"}
{"message":"Treatment time : 286","level":"info"}
{"message":"\u001b[33mAlready reading a text\u001b[39m","level":"warn"}
{"message":"Treatment time : 185","level":"info"}
{"message":"\u001b[33mAlready reading a text\u001b[39m","level":"warn"}
{"message":"Treatment time : 264","level":"info"}
{"message":"\u001b[33mAlready reading a text\u001b[39m","level":"warn"}
{"message":"Treatment time : 406","level":"info"}
{"message":"\u001b[33mAlready reading a text\u001b[39m","level":"warn"}
{"message":"Treatment time : 165","level":"info"}
{"message":"\u001b[33mAlready reading a text\u001b[39m","level":"warn"}
{"message":"Treatment time : 537","level":"info"}
{"message":"\u001b[33mAlready reading a text\u001b[39m","level":"warn"}
{"message":"Treatment time : 264","level":"info"}
{"message":"\u001b[33mAlready reading a text\u001b[39m","level":"warn"}
{"message":"Treatment time : 243","level":"info"}
{"message":"\u001b[33mAlready reading a text\u001b[39m","level":"warn"}
{"message":"Not Found","level":"error"}
{"message":"Not Found","level":"error"}
{"message":"Not Found","level":"error"}
{"message":"Not Found","level":"error"}
{"message":"Not Found","level":"error"}
{"message":"Not Found","level":"error"}
{"message":"Not Found","level":"error"}
{"message":"Not Found","level":"error"}
{"message":"Not Found","level":"error"}
{"message":"Not Found","level":"error"}
{"message":"Not Found","level":"error"}
{"message":"Not Found","level":"error"}
{"message":"Not Found","level":"error"}
{"message":"Not Found","level":"error"}
{"message":"Not Found","level":"error"}
{"message":"Not Found","level":"error"}
{"message":"Not Found","level":"error"}
{"message":"Not Found","level":"error"}
{"message":"Not Found","level":"error"}
{"message":"Not Found","level":"error"}
{"message":"Not Found","level":"error"}
{"message":"Not Found","level":"error"}
{"message":"Not Found","level":"error"}
{"message":"Not Found","level":"error"}
{"message":"Not Found","level":"error"}
{"message":"Not Found","level":"error"}
{"message":"Not Found","level":"error"}
{"message":"Not Found","level":"error"}
{"message":"Not Found","level":"error"}
{"message":"Not Found","level":"error"}
{"message":"Not Found","level":"error"}
{"message":"Not Found","level":"error"}
{"message":"Not Found","level":"error"}
{"message":"Not Found","level":"error"}
{"message":"Not Found","level":"error"}
{"message":"Not Found","level":"error"}
{"message":"Not Found","level":"error"}
{"message":"Not Found","level":"error"}
{"message":"Not Found","level":"error"}
{"message":"Not Found","level":"error"}
{"message":"Not Found","level":"error"}
{"message":"Not Found","level":"error"}
{"message":"Not Found","level":"error"}
{"message":"Not Found","level":"error"}
{"message":"Not Found","level":"error"}
{"message":"Not Found","level":"error"}
{"message":"Not Found","level":"error"}
{"message":"Not Found","level":"error"}
{"message":"Not Found","level":"error"}
{"message":"Not Found","level":"error"}
{"message":"\u001b[33mAlready reading a text\u001b[39m","level":"warn"}
{"message":"\u001b[33mAlready reading a text\u001b[39m","level":"warn"}
{"message":"\u001b[33mAlready reading a text\u001b[39m","level":"warn"}
{"message":"\u001b[33mAlready reading a text\u001b[39m","level":"warn"}
{"message":"\u001b[33mAlready reading a text\u001b[39m","level":"warn"}
{"message":"\u001b[33mAlready reading a text\u001b[39m","level":"warn"}
{"message":"\u001b[33mAlready reading a text\u001b[39m","level":"warn"}
{"message":"\u001b[33mAlready reading a text\u001b[39m","level":"warn"}
{"message":"\u001b[33mAlready reading a text\u001b[39m","level":"warn"}
{"message":"\u001b[33mAlready reading a text\u001b[39m","level":"warn"}
{"message":"\u001b[33mAlready reading a text\u001b[39m","level":"warn"}
{"message":"\u001b[33mAlready reading a text\u001b[39m","level":"warn"}
{"message":"\u001b[33mAlready reading a text\u001b[39m","level":"warn"}
{"message":"\u001b[33mAlready reading a text\u001b[39m","level":"warn"}
{"message":"\u001b[33mAlready reading a text\u001b[39m","level":"warn"}
{"message":"\u001b[33mAlready reading a text\u001b[39m","level":"warn"}
{"message":"\u001b[33mAlready reading a text\u001b[39m","level":"warn"}
{"message":"\u001b[33mAlready reading a text\u001b[39m","level":"warn"}
{"message":"\u001b[33mAlready reading a text\u001b[39m","level":"warn"}
{"message":"\u001b[33mAlready reading a text\u001b[39m","level":"warn"}
{"message":"\u001b[33mAlready reading a text\u001b[39m","level":"warn"}
{"message":"\u001b[33mAlready reading a text\u001b[39m","level":"warn"}
{"message":"\u001b[33mAlready reading a text\u001b[39m","level":"warn"}
{"message":"\u001b[33mAlready reading a text\u001b[39m","level":"warn"}
{"message":"\u001b[33mAlready reading a text\u001b[39m","level":"warn"}
{"message":"\u001b[33mAlready reading a text\u001b[39m","level":"warn"}
{"message":"\u001b[33mAlready reading a text\u001b[39m","level":"warn"}
{"message":"\u001b[33mAlready reading a text\u001b[39m","level":"warn"}
{"message":"\u001b[33mAlready reading a text\u001b[39m","level":"warn"}
{"message":"\u001b[33mAlready reading a text\u001b[39m","level":"warn"}
{"message":"\u001b[33mAlready reading a text\u001b[39m","level":"warn"}
{"message":"\u001b[33mAlready reading a text\u001b[39m","level":"warn"}
{"message":"\u001b[33mAlready reading a text\u001b[39m","level":"warn"}
{"message":"\u001b[33mAlready reading a text\u001b[39m","level":"warn"}
{"message":"\u001b[33mAlready reading a text\u001b[39m","level":"warn"}
{"message":"\u001b[33mAlready reading a text\u001b[39m","level":"warn"}
{"message":"\u001b[33mAlready reading a text\u001b[39m","level":"warn"}
{"message":"\u001b[33mAlready reading a text\u001b[39m","level":"warn"}
{"message":"\u001b[33mAlready reading a text\u001b[39m","level":"warn"}
{"message":"\u001b[33mAlready reading a text\u001b[39m","level":"warn"}
{"message":"\u001b[33mAlready reading a text\u001b[39m","level":"warn"}
{"message":"\u001b[33mAlready reading a text\u001b[39m","level":"warn"}
{"message":"\u001b[33mAlready reading a text\u001b[39m","level":"warn"}
{"message":"\u001b[33mAlready reading a text\u001b[39m","level":"warn"}
{"message":"Using HTTP","level":"info"}
{"message":"Database connected","level":"info"}
{"message":"\u001b[33mAlready reading a text\u001b[39m","level":"warn"}
{"message":"\u001b[33mAlready reading a text\u001b[39m","level":"warn"}
{"message":"\u001b[33mAlready reading a text\u001b[39m","level":"warn"}
{"message":"\u001b[33mAlready reading a text\u001b[39m","level":"warn"}
{"message":"\u001b[33mAlready reading a text\u001b[39m","level":"warn"}
{"message":"\u001b[33mAlready reading a text\u001b[39m","level":"warn"}
{"message":"\u001b[33mAlready reading a text\u001b[39m","level":"warn"}
{"message":"\u001b[33mAlready reading a text\u001b[39m","level":"warn"}
{"message":"\u001b[33mAlready reading a text\u001b[39m","level":"warn"}
{"message":"\u001b[33mAlready reading a text\u001b[39m","level":"warn"}
{"message":"\u001b[33mAlready reading a text\u001b[39m","level":"warn"}
{"message":"\u001b[33mAlready reading a text\u001b[39m","level":"warn"}
{"message":"\u001b[33mAlready reading a text\u001b[39m","level":"warn"}
{"message":"\u001b[33mAlready reading a text\u001b[39m","level":"warn"}
{"message":"\u001b[33mAlready reading a text\u001b[39m","level":"warn"}
{"message":"\u001b[33mAlready reading a text\u001b[39m","level":"warn"}
{"message":"\u001b[33mAlready reading a text\u001b[39m","level":"warn"}
{"message":"\u001b[33mAlready reading a text\u001b[39m","level":"warn"}
{"message":"\u001b[33mAlready reading a text\u001b[39m","level":"warn"}
{"message":"\u001b[33mAlready reading a text\u001b[39m","level":"warn"}
{"message":"\u001b[33mAlready reading a text\u001b[39m","level":"warn"}
{"message":"\u001b[33mAlready reading a text\u001b[39m","level":"warn"}
{"message":"\u001b[33mAlready reading a text\u001b[39m","level":"warn"}
{"message":"\u001b[33mAlready reading a text\u001b[39m","level":"warn"}
{"message":"\u001b[33mAlready reading a text\u001b[39m","level":"warn"}
{"message":"\u001b[33mAlready reading a text\u001b[39m","level":"warn"}
{"message":"\u001b[33mAlready reading a text\u001b[39m","level":"warn"}
{"message":"\u001b[33mAlready reading a text\u001b[39m","level":"warn"}
{"message":"\u001b[33mAlready reading a text\u001b[39m","level":"warn"}
{"message":"\u001b[33mAlready reading a text\u001b[39m","level":"warn"}
{"message":"\u001b[33mAlready reading a text\u001b[39m","level":"warn"}
{"message":"\u001b[33mAlready reading a text\u001b[39m","level":"warn"}
{"message":"\u001b[33mAlready reading a text\u001b[39m","level":"warn"}
{"message":"\u001b[33mAlready reading a text\u001b[39m","level":"warn"}
{"message":"\u001b[33mAlready reading a text\u001b[39m","level":"warn"}
{"message":"\u001b[33mAlready reading a text\u001b[39m","level":"warn"}
{"message":"\u001b[33mAlready reading a text\u001b[39m","level":"warn"}
{"message":"\u001b[33mAlready reading a text\u001b[39m","level":"warn"}
{"message":"\u001b[33mAlready reading a text\u001b[39m","level":"warn"}
{"message":"\u001b[33mAlready reading a text\u001b[39m","level":"warn"}
{"message":"\u001b[33mAlready reading a text\u001b[39m","level":"warn"}
{"message":"\u001b[33mAlready reading a text\u001b[39m","level":"warn"}
{"message":"\u001b[33mAlready reading a text\u001b[39m","level":"warn"}
{"message":"\u001b[33mAlready reading a text\u001b[39m","level":"warn"}
{"message":"\u001b[33mAlready reading a text\u001b[39m","level":"warn"}
{"message":"\u001b[33mAlready reading a text\u001b[39m","level":"warn"}
{"message":"\u001b[33mAlready reading a text\u001b[39m","level":"warn"}
{"message":"\u001b[33mAlready reading a text\u001b[39m","level":"warn"}
